This is pdfTeX, Version 3.141592653-2.6-1.40.26 (TeX Live 2024) (preloaded format=pdflatex 2024.5.4)  9 MAY 2024 22:06
entering extended mode
 restricted \write18 enabled.
 %&-line parsing enabled.
**"–ù–µ–∫–æ–≥–µ—Ä–µ–Ω—Ç–Ω–æ–µ –∏–∑–ª—É—á–µ–Ω–∏–µ.tex"
(./–ù–µ–∫–æ–≥–µ—Ä–µ–Ω—Ç–Ω–æ–µ –∏–∑–ª—É—á–µ–Ω–∏–µ.tex
LaTeX2e <2023-11-01> patch level 1
L3 programming layer <2024-04-11>
! Undefined control sequence.
l.1 \section
            {–ù–µ–∫–æ–≥–µ—Ä–µ–Ω—Ç–Ω–æ–µ –∏–∑–ª—É—á–µ–Ω–∏–µ}
The control sequence at the end of the top line
of your error message was never \def'ed. If you have
misspelled it (e.g., `\hobx'), type `I' and the correct
spelling (e.g., `I\hbox'). Otherwise just continue,
and I'll forget about whatever was undefined.


! LaTeX Error: Unicode character –ù (U+041D)
               not set up for use with LaTeX.

See the LaTeX manual or LaTeX Companion for explanation.
Type  H <return>  for immediate help.
 ...                                              
                                                  
l.1 \section{–ù
               –µ–∫–æ–≥–µ—Ä–µ–Ω—Ç–Ω–æ–µ –∏–∑–ª—É—á–µ–Ω–∏–µ}
You may provide a definition with
\DeclareUnicodeCharacter 


! LaTeX Error: Unicode character –µ (U+0435)
               not set up for use with LaTeX.

See the LaTeX manual or LaTeX Companion for explanation.
Type  H <return>  for immediate help.
 ...                                              
                                                  
l.1 \section{–ù–µ
                 –∫–æ–≥–µ—Ä–µ–Ω—Ç–Ω–æ–µ –∏–∑–ª—É—á–µ–Ω–∏–µ}
You may provide a definition with
\DeclareUnicodeCharacter 


! LaTeX Error: Unicode character –∫ (U+043A)
               not set up for use with LaTeX.

See the LaTeX manual or LaTeX Companion for explanation.
Type  H <return>  for immediate help.
 ...                                              
                                                  
l.1 \section{–ù–µ–∫
                   –æ–≥–µ—Ä–µ–Ω—Ç–Ω–æ–µ –∏–∑–ª—É—á–µ–Ω–∏–µ}
You may provide a definition with
\DeclareUnicodeCharacter 


! LaTeX Error: Unicode character –æ (U+043E)
               not set up for use with LaTeX.

See the LaTeX manual or LaTeX Companion for explanation.
Type  H <return>  for immediate help.
 ...                                              
                                                  
l.1 \section{–ù–µ–∫–æ
                     –≥–µ—Ä–µ–Ω—Ç–Ω–æ–µ –∏–∑–ª—É—á–µ–Ω–∏–µ}
You may provide a definition with
\DeclareUnicodeCharacter 


! LaTeX Error: Unicode character –≥ (U+0433)
               not set up for use with LaTeX.

See the LaTeX manual or LaTeX Companion for explanation.
Type  H <return>  for immediate help.
 ...                                              
                                                  
l.1 \section{–ù–µ–∫–æ–≥
                       –µ—Ä–µ–Ω—Ç–Ω–æ–µ –∏–∑–ª—É—á–µ–Ω–∏–µ}
You may provide a definition with
\DeclareUnicodeCharacter 


! LaTeX Error: Unicode character –µ (U+0435)
               not set up for use with LaTeX.

See the LaTeX manual or LaTeX Companion for explanation.
Type  H <return>  for immediate help.
 ...                                              
                                                  
l.1 \section{–ù–µ–∫–æ–≥–µ
                         —Ä–µ–Ω—Ç–Ω–æ–µ –∏–∑–ª—É—á–µ–Ω–∏–µ}
You may provide a definition with
\DeclareUnicodeCharacter 


! LaTeX Error: Unicode character —Ä (U+0440)
               not set up for use with LaTeX.

See the LaTeX manual or LaTeX Companion for explanation.
Type  H <return>  for immediate help.
 ...                                              
                                                  
l.1 \section{–ù–µ–∫–æ–≥–µ—Ä
                           –µ–Ω—Ç–Ω–æ–µ –∏–∑–ª—É—á–µ–Ω–∏–µ}
You may provide a definition with
\DeclareUnicodeCharacter 


! LaTeX Error: Unicode character –µ (U+0435)
               not set up for use with LaTeX.

See the LaTeX manual or LaTeX Companion for explanation.
Type  H <return>  for immediate help.
 ...                                              
                                                  
l.1 \section{–ù–µ–∫–æ–≥–µ—Ä–µ
                             –Ω—Ç–Ω–æ–µ –∏–∑–ª—É—á–µ–Ω–∏–µ}
You may provide a definition with
\DeclareUnicodeCharacter 


! LaTeX Error: Unicode character –Ω (U+043D)
               not set up for use with LaTeX.

See the LaTeX manual or LaTeX Companion for explanation.
Type  H <return>  for immediate help.
 ...                                              
                                                  
l.1 \section{–ù–µ–∫–æ–≥–µ—Ä–µ–Ω
                               —Ç–Ω–æ–µ –∏–∑–ª—É—á–µ–Ω–∏–µ}
You may provide a definition with
\DeclareUnicodeCharacter 


! LaTeX Error: Unicode character —Ç (U+0442)
               not set up for use with LaTeX.

See the LaTeX manual or LaTeX Companion for explanation.
Type  H <return>  for immediate help.
 ...                                              
                                                  
l.1 \section{–ù–µ–∫–æ–≥–µ—Ä–µ–Ω—Ç
                                 –Ω–æ–µ –∏–∑–ª—É—á–µ–Ω–∏–µ}
You may provide a definition with
\DeclareUnicodeCharacter 


! LaTeX Error: Unicode character –Ω (U+043D)
               not set up for use with LaTeX.

See the LaTeX manual or LaTeX Companion for explanation.
Type  H <return>  for immediate help.
 ...                                              
                                                  
l.1 \section{–ù–µ–∫–æ–≥–µ—Ä–µ–Ω—Ç–Ω
                                   –æ–µ –∏–∑–ª—É—á–µ–Ω–∏–µ}
You may provide a definition with
\DeclareUnicodeCharacter 


! LaTeX Error: Unicode character –æ (U+043E)
               not set up for use with LaTeX.

See the LaTeX manual or LaTeX Companion for explanation.
Type  H <return>  for immediate help.
 ...                                              
                                                  
l.1 \section{–ù–µ–∫–æ–≥–µ—Ä–µ–Ω—Ç–Ω–æ
                                     –µ –∏–∑–ª—É—á–µ–Ω–∏–µ}
You may provide a definition with
\DeclareUnicodeCharacter 


! LaTeX Error: Unicode character –µ (U+0435)
               not set up for use with LaTeX.

See the LaTeX manual or LaTeX Companion for explanation.
Type  H <return>  for immediate help.
 ...                                              
                                                  
l.1 \section{–ù–µ–∫–æ–≥–µ—Ä–µ–Ω—Ç–Ω–æ–µ
                                        –∏–∑–ª—É—á–µ–Ω–∏–µ}
You may provide a definition with
\DeclareUnicodeCharacter 


! LaTeX Error: Unicode character –∏ (U+0438)
               not set up for use with LaTeX.

See the LaTeX manual or LaTeX Companion for explanation.
Type  H <return>  for immediate help.
 ...                                              
                                                  
l.1 \section{–ù–µ–∫–æ–≥–µ—Ä–µ–Ω—Ç–Ω–æ–µ –∏
                                          –∑–ª—É—á–µ–Ω–∏–µ}
You may provide a definition with
\DeclareUnicodeCharacter 


! LaTeX Error: Unicode character –∑ (U+0437)
               not set up for use with LaTeX.

See the LaTeX manual or LaTeX Companion for explanation.
Type  H <return>  for immediate help.
 ...                                              
                                                  
l.1 \section{–ù–µ–∫–æ–≥–µ—Ä–µ–Ω—Ç–Ω–æ–µ –∏–∑
                                            –ª—É—á–µ–Ω–∏–µ}
You may provide a definition with
\DeclareUnicodeCharacter 


! LaTeX Error: Unicode character –ª (U+043B)
               not set up for use with LaTeX.

See the LaTeX manual or LaTeX Companion for explanation.
Type  H <return>  for immediate help.
 ...                                              
                                                  
l.1 \section{–ù–µ–∫–æ–≥–µ—Ä–µ–Ω—Ç–Ω–æ–µ –∏–∑–ª
                                              —É—á–µ–Ω–∏–µ}
You may provide a definition with
\DeclareUnicodeCharacter 


! LaTeX Error: Unicode character —É (U+0443)
               not set up for use with LaTeX.

See the LaTeX manual or LaTeX Companion for explanation.
Type  H <return>  for immediate help.
 ...                                              
                                                  
l.1 \section{–ù–µ–∫–æ–≥–µ—Ä–µ–Ω—Ç–Ω–æ–µ –∏–∑–ª—É
                                                —á–µ–Ω–∏–µ}
You may provide a definition with
\DeclareUnicodeCharacter 


! LaTeX Error: Unicode character —á (U+0447)
               not set up for use with LaTeX.

See the LaTeX manual or LaTeX Companion for explanation.
Type  H <return>  for immediate help.
 ...                                              
                                                  
l.1 \section{–ù–µ–∫–æ–≥–µ—Ä–µ–Ω—Ç–Ω–æ–µ –∏–∑–ª—É—á
                                                  –µ–Ω–∏–µ}
You may provide a definition with
\DeclareUnicodeCharacter 


! LaTeX Error: Unicode character –µ (U+0435)
               not set up for use with LaTeX.

See the LaTeX manual or LaTeX Companion for explanation.
Type  H <return>  for immediate help.
 ...                                              
                                                  
l.1 ...ion{–ù–µ–∫–æ–≥–µ—Ä–µ–Ω—Ç–Ω–æ–µ –∏–∑–ª—É—á–µ
                                                  –Ω–∏–µ}
You may provide a definition with
\DeclareUnicodeCharacter 


! LaTeX Error: Unicode character –Ω (U+043D)
               not set up for use with LaTeX.

See the LaTeX manual or LaTeX Companion for explanation.
Type  H <return>  for immediate help.
 ...                                              
                                                  
l.1 ...n{–ù–µ–∫–æ–≥–µ—Ä–µ–Ω—Ç–Ω–æ–µ –∏–∑–ª—É—á–µ–Ω
                                                  –∏–µ}
You may provide a definition with
\DeclareUnicodeCharacter 


! LaTeX Error: Unicode character –∏ (U+0438)
               not set up for use with LaTeX.

See the LaTeX manual or LaTeX Companion for explanation.
Type  H <return>  for immediate help.
 ...                                              
                                                  
l.1 ...–ù–µ–∫–æ–≥–µ—Ä–µ–Ω—Ç–Ω–æ–µ –∏–∑–ª—É—á–µ–Ω–∏
                                                  –µ}
You may provide a definition with
\DeclareUnicodeCharacter 


! LaTeX Error: Unicode character –µ (U+0435)
               not set up for use with LaTeX.

See the LaTeX manual or LaTeX Companion for explanation.
Type  H <return>  for immediate help.
 ...                                              
                                                  
l.1 ...–µ–∫–æ–≥–µ—Ä–µ–Ω—Ç–Ω–æ–µ –∏–∑–ª—É—á–µ–Ω–∏–µ
                                                  }
You may provide a definition with
\DeclareUnicodeCharacter 


! LaTeX Error: Unicode character –ï (U+0415)
               not set up for use with LaTeX.

See the LaTeX manual or LaTeX Companion for explanation.
Type  H <return>  for immediate help.
 ...                                              
                                                  
l.2 –ï
      —Å—Ç–µ—Å—Ç–≤–µ–Ω–Ω—ã–µ –∏—Å—Ç–æ—á–Ω–∏–∫–∏ —Å–≤–µ—Ç–∞, –∫–∞–∫ –ø—Ä–∞–≤–...

You may provide a definition with
\DeclareUnicodeCharacter 


! LaTeX Error: Unicode character —Å (U+0441)
               not set up for use with LaTeX.

See the LaTeX manual or LaTeX Companion for explanation.
Type  H <return>  for immediate help.
 ...                                              
                                                  
l.2 –ï—Å
        —Ç–µ—Å—Ç–≤–µ–Ω–Ω—ã–µ –∏—Å—Ç–æ—á–Ω–∏–∫–∏ —Å–≤–µ—Ç–∞, –∫–∞–∫ –ø—Ä–∞–≤–...

You may provide a definition with
\DeclareUnicodeCharacter 


! LaTeX Error: Unicode character —Ç (U+0442)
               not set up for use with LaTeX.

See the LaTeX manual or LaTeX Companion for explanation.
Type  H <return>  for immediate help.
 ...                                              
                                                  
l.2 –ï—Å—Ç
          –µ—Å—Ç–≤–µ–Ω–Ω—ã–µ –∏—Å—Ç–æ—á–Ω–∏–∫–∏ —Å–≤–µ—Ç–∞, –∫–∞–∫ –ø—Ä–∞–≤–...

You may provide a definition with
\DeclareUnicodeCharacter 


! LaTeX Error: Unicode character –µ (U+0435)
               not set up for use with LaTeX.

See the LaTeX manual or LaTeX Companion for explanation.
Type  H <return>  for immediate help.
 ...                                              
                                                  
l.2 –ï—Å—Ç–µ
            —Å—Ç–≤–µ–Ω–Ω—ã–µ –∏—Å—Ç–æ—á–Ω–∏–∫–∏ —Å–≤–µ—Ç–∞, –∫–∞–∫ –ø—Ä–∞–≤–...

You may provide a definition with
\DeclareUnicodeCharacter 


! LaTeX Error: Unicode character —Å (U+0441)
               not set up for use with LaTeX.

See the LaTeX manual or LaTeX Companion for explanation.
Type  H <return>  for immediate help.
 ...                                              
                                                  
l.2 –ï—Å—Ç–µ—Å
              —Ç–≤–µ–Ω–Ω—ã–µ –∏—Å—Ç–æ—á–Ω–∏–∫–∏ —Å–≤–µ—Ç–∞, –∫–∞–∫ –ø—Ä–∞–≤–...

You may provide a definition with
\DeclareUnicodeCharacter 


! LaTeX Error: Unicode character —Ç (U+0442)
               not set up for use with LaTeX.

See the LaTeX manual or LaTeX Companion for explanation.
Type  H <return>  for immediate help.
 ...                                              
                                                  
l.2 –ï—Å—Ç–µ—Å—Ç
                –≤–µ–Ω–Ω—ã–µ –∏—Å—Ç–æ—á–Ω–∏–∫–∏ —Å–≤–µ—Ç–∞, –∫–∞–∫ –ø—Ä–∞–≤–...

You may provide a definition with
\DeclareUnicodeCharacter 


! LaTeX Error: Unicode character –≤ (U+0432)
               not set up for use with LaTeX.

See the LaTeX manual or LaTeX Companion for explanation.
Type  H <return>  for immediate help.
 ...                                              
                                                  
l.2 –ï—Å—Ç–µ—Å—Ç–≤
                  –µ–Ω–Ω—ã–µ –∏—Å—Ç–æ—á–Ω–∏–∫–∏ —Å–≤–µ—Ç–∞, –∫–∞–∫ –ø—Ä–∞–≤–...

You may provide a definition with
\DeclareUnicodeCharacter 


! LaTeX Error: Unicode character –µ (U+0435)
               not set up for use with LaTeX.

See the LaTeX manual or LaTeX Companion for explanation.
Type  H <return>  for immediate help.
 ...                                              
                                                  
l.2 –ï—Å—Ç–µ—Å—Ç–≤–µ
                    –Ω–Ω—ã–µ –∏—Å—Ç–æ—á–Ω–∏–∫–∏ —Å–≤–µ—Ç–∞, –∫–∞–∫ –ø—Ä–∞–≤–...

You may provide a definition with
\DeclareUnicodeCharacter 


! LaTeX Error: Unicode character –Ω (U+043D)
               not set up for use with LaTeX.

See the LaTeX manual or LaTeX Companion for explanation.
Type  H <return>  for immediate help.
 ...                                              
                                                  
l.2 –ï—Å—Ç–µ—Å—Ç–≤–µ–Ω
                      –Ω—ã–µ –∏—Å—Ç–æ—á–Ω–∏–∫–∏ —Å–≤–µ—Ç–∞, –∫–∞–∫ –ø—Ä–∞–≤–...

You may provide a definition with
\DeclareUnicodeCharacter 


! LaTeX Error: Unicode character –Ω (U+043D)
               not set up for use with LaTeX.

See the LaTeX manual or LaTeX Companion for explanation.
Type  H <return>  for immediate help.
 ...                                              
                                                  
l.2 –ï—Å—Ç–µ—Å—Ç–≤–µ–Ω–Ω
                        —ã–µ –∏—Å—Ç–æ—á–Ω–∏–∫–∏ —Å–≤–µ—Ç–∞, –∫–∞–∫ –ø—Ä–∞–≤–...

You may provide a definition with
\DeclareUnicodeCharacter 


! LaTeX Error: Unicode character —ã (U+044B)
               not set up for use with LaTeX.

See the LaTeX manual or LaTeX Companion for explanation.
Type  H <return>  for immediate help.
 ...                                              
                                                  
l.2 –ï—Å—Ç–µ—Å—Ç–≤–µ–Ω–Ω—ã
                          –µ –∏—Å—Ç–æ—á–Ω–∏–∫–∏ —Å–≤–µ—Ç–∞, –∫–∞–∫ –ø—Ä–∞–≤–...

You may provide a definition with
\DeclareUnicodeCharacter 


! LaTeX Error: Unicode character –µ (U+0435)
               not set up for use with LaTeX.

See the LaTeX manual or LaTeX Companion for explanation.
Type  H <return>  for immediate help.
 ...                                              
                                                  
l.2 –ï—Å—Ç–µ—Å—Ç–≤–µ–Ω–Ω—ã–µ
                             –∏—Å—Ç–æ—á–Ω–∏–∫–∏ —Å–≤–µ—Ç–∞, –∫–∞–∫ –ø—Ä–∞–≤–...

You may provide a definition with
\DeclareUnicodeCharacter 


! LaTeX Error: Unicode character –∏ (U+0438)
               not set up for use with LaTeX.

See the LaTeX manual or LaTeX Companion for explanation.
Type  H <return>  for immediate help.
 ...                                              
                                                  
l.2 –ï—Å—Ç–µ—Å—Ç–≤–µ–Ω–Ω—ã–µ –∏
                               —Å—Ç–æ—á–Ω–∏–∫–∏ —Å–≤–µ—Ç–∞, –∫–∞–∫ –ø—Ä–∞–≤–...

You may provide a definition with
\DeclareUnicodeCharacter 


! LaTeX Error: Unicode character —Å (U+0441)
               not set up for use with LaTeX.

See the LaTeX manual or LaTeX Companion for explanation.
Type  H <return>  for immediate help.
 ...                                              
                                                  
l.2 –ï—Å—Ç–µ—Å—Ç–≤–µ–Ω–Ω—ã–µ –∏—Å
                                 —Ç–æ—á–Ω–∏–∫–∏ —Å–≤–µ—Ç–∞, –∫–∞–∫ –ø—Ä–∞–≤–...

You may provide a definition with
\DeclareUnicodeCharacter 


! LaTeX Error: Unicode character —Ç (U+0442)
               not set up for use with LaTeX.

See the LaTeX manual or LaTeX Companion for explanation.
Type  H <return>  for immediate help.
 ...                                              
                                                  
l.2 –ï—Å—Ç–µ—Å—Ç–≤–µ–Ω–Ω—ã–µ –∏—Å—Ç
                                   –æ—á–Ω–∏–∫–∏ —Å–≤–µ—Ç–∞, –∫–∞–∫ –ø—Ä–∞–≤–...

You may provide a definition with
\DeclareUnicodeCharacter 


! LaTeX Error: Unicode character –æ (U+043E)
               not set up for use with LaTeX.

See the LaTeX manual or LaTeX Companion for explanation.
Type  H <return>  for immediate help.
 ...                                              
                                                  
l.2 –ï—Å—Ç–µ—Å—Ç–≤–µ–Ω–Ω—ã–µ –∏—Å—Ç–æ
                                     —á–Ω–∏–∫–∏ —Å–≤–µ—Ç–∞, –∫–∞–∫ –ø—Ä–∞–≤–...

You may provide a definition with
\DeclareUnicodeCharacter 


! LaTeX Error: Unicode character —á (U+0447)
               not set up for use with LaTeX.

See the LaTeX manual or LaTeX Companion for explanation.
Type  H <return>  for immediate help.
 ...                                              
                                                  
l.2 –ï—Å—Ç–µ—Å—Ç–≤–µ–Ω–Ω—ã–µ –∏—Å—Ç–æ—á
                                       –Ω–∏–∫–∏ —Å–≤–µ—Ç–∞, –∫–∞–∫ –ø—Ä–∞–≤–...

You may provide a definition with
\DeclareUnicodeCharacter 


! LaTeX Error: Unicode character –Ω (U+043D)
               not set up for use with LaTeX.

See the LaTeX manual or LaTeX Companion for explanation.
Type  H <return>  for immediate help.
 ...                                              
                                                  
l.2 –ï—Å—Ç–µ—Å—Ç–≤–µ–Ω–Ω—ã–µ –∏—Å—Ç–æ—á–Ω
                                         –∏–∫–∏ —Å–≤–µ—Ç–∞, –∫–∞–∫ –ø—Ä–∞–≤–...

You may provide a definition with
\DeclareUnicodeCharacter 


! LaTeX Error: Unicode character –∏ (U+0438)
               not set up for use with LaTeX.

See the LaTeX manual or LaTeX Companion for explanation.
Type  H <return>  for immediate help.
 ...                                              
                                                  
l.2 –ï—Å—Ç–µ—Å—Ç–≤–µ–Ω–Ω—ã–µ –∏—Å—Ç–æ—á–Ω–∏
                                           –∫–∏ —Å–≤–µ—Ç–∞, –∫–∞–∫ –ø—Ä–∞–≤–...

You may provide a definition with
\DeclareUnicodeCharacter 


! LaTeX Error: Unicode character –∫ (U+043A)
               not set up for use with LaTeX.

See the LaTeX manual or LaTeX Companion for explanation.
Type  H <return>  for immediate help.
 ...                                              
                                                  
l.2 –ï—Å—Ç–µ—Å—Ç–≤–µ–Ω–Ω—ã–µ –∏—Å—Ç–æ—á–Ω–∏–∫
                                             –∏ —Å–≤–µ—Ç–∞, –∫–∞–∫ –ø—Ä–∞–≤–...

You may provide a definition with
\DeclareUnicodeCharacter 


! LaTeX Error: Unicode character –∏ (U+0438)
               not set up for use with LaTeX.

See the LaTeX manual or LaTeX Companion for explanation.
Type  H <return>  for immediate help.
 ...                                              
                                                  
l.2 –ï—Å—Ç–µ—Å—Ç–≤–µ–Ω–Ω—ã–µ –∏—Å—Ç–æ—á–Ω–∏–∫–∏
                                                —Å–≤–µ—Ç–∞, –∫–∞–∫ –ø—Ä–∞–≤–...

You may provide a definition with
\DeclareUnicodeCharacter 


! LaTeX Error: Unicode character —Å (U+0441)
               not set up for use with LaTeX.

See the LaTeX manual or LaTeX Companion for explanation.
Type  H <return>  for immediate help.
 ...                                              
                                                  
l.2 –ï—Å—Ç–µ—Å—Ç–≤–µ–Ω–Ω—ã–µ –∏—Å—Ç–æ—á–Ω–∏–∫–∏ —Å
                                                  –≤–µ—Ç–∞, –∫–∞–∫ –ø—Ä–∞–≤–...

You may provide a definition with
\DeclareUnicodeCharacter 


! LaTeX Error: Unicode character –≤ (U+0432)
               not set up for use with LaTeX.

See the LaTeX manual or LaTeX Companion for explanation.
Type  H <return>  for immediate help.
 ...                                              
                                                  
l.2 ...Ç–µ—Å—Ç–≤–µ–Ω–Ω—ã–µ –∏—Å—Ç–æ—á–Ω–∏–∫–∏ —Å–≤
                                                  –µ—Ç–∞, –∫–∞–∫ –ø—Ä–∞–≤–∏–...

You may provide a definition with
\DeclareUnicodeCharacter 


! LaTeX Error: Unicode character –µ (U+0435)
               not set up for use with LaTeX.

See the LaTeX manual or LaTeX Companion for explanation.
Type  H <return>  for immediate help.
 ...                                              
                                                  
l.2 ...µ—Å—Ç–≤–µ–Ω–Ω—ã–µ –∏—Å—Ç–æ—á–Ω–∏–∫–∏ —Å–≤–µ
                                                  —Ç–∞, –∫–∞–∫ –ø—Ä–∞–≤–∏–ª–...

You may provide a definition with
\DeclareUnicodeCharacter 


! LaTeX Error: Unicode character —Ç (U+0442)
               not set up for use with LaTeX.

See the LaTeX manual or LaTeX Companion for explanation.
Type  H <return>  for immediate help.
 ...                                              
                                                  
l.2 ...Å—Ç–≤–µ–Ω–Ω—ã–µ –∏—Å—Ç–æ—á–Ω–∏–∫–∏ —Å–≤–µ—Ç
                                                  –∞, –∫–∞–∫ –ø—Ä–∞–≤–∏–ª–æ,...

You may provide a definition with
\DeclareUnicodeCharacter 


! LaTeX Error: Unicode character –∞ (U+0430)
               not set up for use with LaTeX.

See the LaTeX manual or LaTeX Companion for explanation.
Type  H <return>  for immediate help.
 ...                                              
                                                  
l.2 ...Ç–≤–µ–Ω–Ω—ã–µ –∏—Å—Ç–æ—á–Ω–∏–∫–∏ —Å–≤–µ—Ç–∞
                                                  , –∫–∞–∫ –ø—Ä–∞–≤–∏–ª–æ, —...

You may provide a definition with
\DeclareUnicodeCharacter 


! LaTeX Error: Missing \begin{document}.

See the LaTeX manual or LaTeX Companion for explanation.
Type  H <return>  for immediate help.
 ...                                              
                                                  
l.2 ...–≤–µ–Ω–Ω—ã–µ –∏—Å—Ç–æ—á–Ω–∏–∫–∏ —Å–≤–µ—Ç–∞,
                                                   –∫–∞–∫ –ø—Ä–∞–≤–∏–ª–æ, —è...

You're in trouble here.  Try typing  <return>  to proceed.
If that doesn't work, type  X <return>  to quit.

Missing character: There is no , in font nullfont!

! LaTeX Error: Unicode character –∫ (U+043A)
               not set up for use with LaTeX.

See the LaTeX manual or LaTeX Companion for explanation.
Type  H <return>  for immediate help.
 ...                                              
                                                  
l.2 ...µ–Ω–Ω—ã–µ –∏—Å—Ç–æ—á–Ω–∏–∫–∏ —Å–≤–µ—Ç–∞, –∫
                                                  –∞–∫ –ø—Ä–∞–≤–∏–ª–æ, —è–≤–...

You may provide a definition with
\DeclareUnicodeCharacter 


! LaTeX Error: Unicode character –∞ (U+0430)
               not set up for use with LaTeX.

See the LaTeX manual or LaTeX Companion for explanation.
Type  H <return>  for immediate help.
 ...                                              
                                                  
l.2 ...Ω–Ω—ã–µ –∏—Å—Ç–æ—á–Ω–∏–∫–∏ —Å–≤–µ—Ç–∞, –∫–∞
                                                  –∫ –ø—Ä–∞–≤–∏–ª–æ, —è–≤–ª—...

You may provide a definition with
\DeclareUnicodeCharacter 


! LaTeX Error: Unicode character –∫ (U+043A)
               not set up for use with LaTeX.

See the LaTeX manual or LaTeX Companion for explanation.
Type  H <return>  for immediate help.
 ...                                              
                                                  
l.2 ...Ω—ã–µ –∏—Å—Ç–æ—á–Ω–∏–∫–∏ —Å–≤–µ—Ç–∞, –∫–∞–∫
                                                   –ø—Ä–∞–≤–∏–ª–æ, —è–≤–ª—è—...

You may provide a definition with
\DeclareUnicodeCharacter 


! LaTeX Error: Unicode character –ø (U+043F)
               not set up for use with LaTeX.

See the LaTeX manual or LaTeX Companion for explanation.
Type  H <return>  for immediate help.
 ...                                              
                                                  
l.2 ...–µ –∏—Å—Ç–æ—á–Ω–∏–∫–∏ —Å–≤–µ—Ç–∞, –∫–∞–∫ –ø
                                                  —Ä–∞–≤–∏–ª–æ, —è–≤–ª—è—é—Ç...

You may provide a definition with
\DeclareUnicodeCharacter 


! LaTeX Error: Unicode character —Ä (U+0440)
               not set up for use with LaTeX.

See the LaTeX manual or LaTeX Companion for explanation.
Type  H <return>  for immediate help.
 ...                                              
                                                  
l.2 ... –∏—Å—Ç–æ—á–Ω–∏–∫–∏ —Å–≤–µ—Ç–∞, –∫–∞–∫ –ø—Ä
                                                  –∞–≤–∏–ª–æ, —è–≤–ª—è—é—Ç—Å...

You may provide a definition with
\DeclareUnicodeCharacter 


! LaTeX Error: Unicode character –∞ (U+0430)
               not set up for use with LaTeX.

See the LaTeX manual or LaTeX Companion for explanation.
Type  H <return>  for immediate help.
 ...                                              
                                                  
l.2 ...∏—Å—Ç–æ—á–Ω–∏–∫–∏ —Å–≤–µ—Ç–∞, –∫–∞–∫ –ø—Ä–∞
                                                  –≤–∏–ª–æ, —è–≤–ª—è—é—Ç—Å—è...

You may provide a definition with
\DeclareUnicodeCharacter 


! LaTeX Error: Unicode character –≤ (U+0432)
               not set up for use with LaTeX.

See the LaTeX manual or LaTeX Companion for explanation.
Type  H <return>  for immediate help.
 ...                                              
                                                  
l.2 ...Å—Ç–æ—á–Ω–∏–∫–∏ —Å–≤–µ—Ç–∞, –∫–∞–∫ –ø—Ä–∞–≤
                                                  –∏–ª–æ, —è–≤–ª—è—é—Ç—Å—è –...

You may provide a definition with
\DeclareUnicodeCharacter 


! LaTeX Error: Unicode character –∏ (U+0438)
               not set up for use with LaTeX.

See the LaTeX manual or LaTeX Companion for explanation.
Type  H <return>  for immediate help.
 ...                                              
                                                  
l.2 ...Ç–æ—á–Ω–∏–∫–∏ —Å–≤–µ—Ç–∞, –∫–∞–∫ –ø—Ä–∞–≤–∏
                                                  –ª–æ, —è–≤–ª—è—é—Ç—Å—è –Ω–...

You may provide a definition with
\DeclareUnicodeCharacter 


! LaTeX Error: Unicode character –ª (U+043B)
               not set up for use with LaTeX.

See the LaTeX manual or LaTeX Companion for explanation.
Type  H <return>  for immediate help.
 ...                                              
                                                  
l.2 ...æ—á–Ω–∏–∫–∏ —Å–≤–µ—Ç–∞, –∫–∞–∫ –ø—Ä–∞–≤–∏–ª
                                                  –æ, —è–≤–ª—è—é—Ç—Å—è –Ω–µ–...

You may provide a definition with
\DeclareUnicodeCharacter 


! LaTeX Error: Unicode character –æ (U+043E)
               not set up for use with LaTeX.

See the LaTeX manual or LaTeX Companion for explanation.
Type  H <return>  for immediate help.
 ...                                              
                                                  
l.2 ...á–Ω–∏–∫–∏ —Å–≤–µ—Ç–∞, –∫–∞–∫ –ø—Ä–∞–≤–∏–ª–æ
                                                  , —è–≤–ª—è—é—Ç—Å—è –Ω–µ–∫–...

You may provide a definition with
\DeclareUnicodeCharacter 

Missing character: There is no , in font nullfont!

! LaTeX Error: Unicode character —è (U+044F)
               not set up for use with LaTeX.

See the LaTeX manual or LaTeX Companion for explanation.
Type  H <return>  for immediate help.
 ...                                              
                                                  
l.2 ...∏–∫–∏ —Å–≤–µ—Ç–∞, –∫–∞–∫ –ø—Ä–∞–≤–∏–ª–æ, —è
                                                  –≤–ª—è—é—Ç—Å—è –Ω–µ–∫–æ–≥–...

You may provide a definition with
\DeclareUnicodeCharacter 


! LaTeX Error: Unicode character –≤ (U+0432)
               not set up for use with LaTeX.

See the LaTeX manual or LaTeX Companion for explanation.
Type  H <return>  for immediate help.
 ...                                              
                                                  
l.2 ...∫–∏ —Å–≤–µ—Ç–∞, –∫–∞–∫ –ø—Ä–∞–≤–∏–ª–æ, —è–≤
                                                  –ª—è—é—Ç—Å—è –Ω–µ–∫–æ–≥–µ—...

You may provide a definition with
\DeclareUnicodeCharacter 


! LaTeX Error: Unicode character –ª (U+043B)
               not set up for use with LaTeX.

See the LaTeX manual or LaTeX Companion for explanation.
Type  H <return>  for immediate help.
 ...                                              
                                                  
l.2 ...∏ —Å–≤–µ—Ç–∞, –∫–∞–∫ –ø—Ä–∞–≤–∏–ª–æ, —è–≤–ª
                                                  —è—é—Ç—Å—è –Ω–µ–∫–æ–≥–µ—Ä–...

You may provide a definition with
\DeclareUnicodeCharacter 


! LaTeX Error: Unicode character —è (U+044F)
               not set up for use with LaTeX.

See the LaTeX manual or LaTeX Companion for explanation.
Type  H <return>  for immediate help.
 ...                                              
                                                  
l.2 ...—Å–≤–µ—Ç–∞, –∫–∞–∫ –ø—Ä–∞–≤–∏–ª–æ, —è–≤–ª—è
                                                  —é—Ç—Å—è –Ω–µ–∫–æ–≥–µ—Ä–µ–...

You may provide a definition with
\DeclareUnicodeCharacter 


! LaTeX Error: Unicode character —é (U+044E)
               not set up for use with LaTeX.

See the LaTeX manual or LaTeX Companion for explanation.
Type  H <return>  for immediate help.
 ...                                              
                                                  
l.2 ...–≤–µ—Ç–∞, –∫–∞–∫ –ø—Ä–∞–≤–∏–ª–æ, —è–≤–ª—è—é
                                                  —Ç—Å—è –Ω–µ–∫–æ–≥–µ—Ä–µ–Ω—...

You may provide a definition with
\DeclareUnicodeCharacter 


! LaTeX Error: Unicode character —Ç (U+0442)
               not set up for use with LaTeX.

See the LaTeX manual or LaTeX Companion for explanation.
Type  H <return>  for immediate help.
 ...                                              
                                                  
l.2 ...–µ—Ç–∞, –∫–∞–∫ –ø—Ä–∞–≤–∏–ª–æ, —è–≤–ª—è—é—Ç
                                                  —Å—è –Ω–µ–∫–æ–≥–µ—Ä–µ–Ω—Ç–...

You may provide a definition with
\DeclareUnicodeCharacter 


! LaTeX Error: Unicode character —Å (U+0441)
               not set up for use with LaTeX.

See the LaTeX manual or LaTeX Companion for explanation.
Type  H <return>  for immediate help.
 ...                                              
                                                  
l.2 ...—Ç–∞, –∫–∞–∫ –ø—Ä–∞–≤–∏–ª–æ, —è–≤–ª—è—é—Ç—Å
                                                  —è –Ω–µ–∫–æ–≥–µ—Ä–µ–Ω—Ç–Ω—...

You may provide a definition with
\DeclareUnicodeCharacter 


! LaTeX Error: Unicode character —è (U+044F)
               not set up for use with LaTeX.

See the LaTeX manual or LaTeX Companion for explanation.
Type  H <return>  for immediate help.
 ...                                              
                                                  
l.2 ...–∞, –∫–∞–∫ –ø—Ä–∞–≤–∏–ª–æ, —è–≤–ª—è—é—Ç—Å—è
                                                   –Ω–µ–∫–æ–≥–µ—Ä–µ–Ω—Ç–Ω—ã–...

You may provide a definition with
\DeclareUnicodeCharacter 


! LaTeX Error: Unicode character –Ω (U+043D)
               not set up for use with LaTeX.

See the LaTeX manual or LaTeX Companion for explanation.
Type  H <return>  for immediate help.
 ...                                              
                                                  
l.2 ... –∫–∞–∫ –ø—Ä–∞–≤–∏–ª–æ, —è–≤–ª—è—é—Ç—Å—è –Ω
                                                  –µ–∫–æ–≥–µ—Ä–µ–Ω—Ç–Ω—ã–º–∏...

You may provide a definition with
\DeclareUnicodeCharacter 


! LaTeX Error: Unicode character –µ (U+0435)
               not set up for use with LaTeX.

See the LaTeX manual or LaTeX Companion for explanation.
Type  H <return>  for immediate help.
 ...                                              
                                                  
l.2 ...∫–∞–∫ –ø—Ä–∞–≤–∏–ª–æ, —è–≤–ª—è—é—Ç—Å—è –Ω–µ
                                                  –∫–æ–≥–µ—Ä–µ–Ω—Ç–Ω—ã–º–∏. ...

You may provide a definition with
\DeclareUnicodeCharacter 


! LaTeX Error: Unicode character –∫ (U+043A)
               not set up for use with LaTeX.

See the LaTeX manual or LaTeX Companion for explanation.
Type  H <return>  for immediate help.
 ...                                              
                                                  
l.2 ...∞–∫ –ø—Ä–∞–≤–∏–ª–æ, —è–≤–ª—è—é—Ç—Å—è –Ω–µ–∫
                                                  –æ–≥–µ—Ä–µ–Ω—Ç–Ω—ã–º–∏. –ù...

You may provide a definition with
\DeclareUnicodeCharacter 


! LaTeX Error: Unicode character –æ (U+043E)
               not set up for use with LaTeX.

See the LaTeX manual or LaTeX Companion for explanation.
Type  H <return>  for immediate help.
 ...                                              
                                                  
l.2 ...∫ –ø—Ä–∞–≤–∏–ª–æ, —è–≤–ª—è—é—Ç—Å—è –Ω–µ–∫–æ
                                                  –≥–µ—Ä–µ–Ω—Ç–Ω—ã–º–∏. –ù–µ...

You may provide a definition with
\DeclareUnicodeCharacter 


! LaTeX Error: Unicode character –≥ (U+0433)
               not set up for use with LaTeX.

See the LaTeX manual or LaTeX Companion for explanation.
Type  H <return>  for immediate help.
 ...                                              
                                                  
l.2 ...–ø—Ä–∞–≤–∏–ª–æ, —è–≤–ª—è—é—Ç—Å—è –Ω–µ–∫–æ–≥
                                                  –µ—Ä–µ–Ω—Ç–Ω—ã–º–∏. –ù–µ–∫...

You may provide a definition with
\DeclareUnicodeCharacter 


! LaTeX Error: Unicode character –µ (U+0435)
               not set up for use with LaTeX.

See the LaTeX manual or LaTeX Companion for explanation.
Type  H <return>  for immediate help.
 ...                                              
                                                  
l.2 ...—Ä–∞–≤–∏–ª–æ, —è–≤–ª—è—é—Ç—Å—è –Ω–µ–∫–æ–≥–µ
                                                  —Ä–µ–Ω—Ç–Ω—ã–º–∏. –ù–µ–∫–æ...

You may provide a definition with
\DeclareUnicodeCharacter 


! LaTeX Error: Unicode character —Ä (U+0440)
               not set up for use with LaTeX.

See the LaTeX manual or LaTeX Companion for explanation.
Type  H <return>  for immediate help.
 ...                                              
                                                  
l.2 ...–∞–≤–∏–ª–æ, —è–≤–ª—è—é—Ç—Å—è –Ω–µ–∫–æ–≥–µ—Ä
                                                  –µ–Ω—Ç–Ω—ã–º–∏. –ù–µ–∫–æ–≥...

You may provide a definition with
\DeclareUnicodeCharacter 


! LaTeX Error: Unicode character –µ (U+0435)
               not set up for use with LaTeX.

See the LaTeX manual or LaTeX Companion for explanation.
Type  H <return>  for immediate help.
 ...                                              
                                                  
l.2 ...–≤–∏–ª–æ, —è–≤–ª—è—é—Ç—Å—è –Ω–µ–∫–æ–≥–µ—Ä–µ
                                                  –Ω—Ç–Ω—ã–º–∏. –ù–µ–∫–æ–≥–µ...

You may provide a definition with
\DeclareUnicodeCharacter 


! LaTeX Error: Unicode character –Ω (U+043D)
               not set up for use with LaTeX.

See the LaTeX manual or LaTeX Companion for explanation.
Type  H <return>  for immediate help.
 ...                                              
                                                  
l.2 ...–∏–ª–æ, —è–≤–ª—è—é—Ç—Å—è –Ω–µ–∫–æ–≥–µ—Ä–µ–Ω
                                                  —Ç–Ω—ã–º–∏. –ù–µ–∫–æ–≥–µ—Ä...

You may provide a definition with
\DeclareUnicodeCharacter 


! LaTeX Error: Unicode character —Ç (U+0442)
               not set up for use with LaTeX.

See the LaTeX manual or LaTeX Companion for explanation.
Type  H <return>  for immediate help.
 ...                                              
                                                  
l.2 ...–ª–æ, —è–≤–ª—è—é—Ç—Å—è –Ω–µ–∫–æ–≥–µ—Ä–µ–Ω—Ç
                                                  –Ω—ã–º–∏. –ù–µ–∫–æ–≥–µ—Ä–µ...

You may provide a definition with
\DeclareUnicodeCharacter 


! LaTeX Error: Unicode character –Ω (U+043D)
               not set up for use with LaTeX.

See the LaTeX manual or LaTeX Companion for explanation.
Type  H <return>  for immediate help.
 ...                                              
                                                  
l.2 ...–æ, —è–≤–ª—è—é—Ç—Å—è –Ω–µ–∫–æ–≥–µ—Ä–µ–Ω—Ç–Ω
                                                  —ã–º–∏. –ù–µ–∫–æ–≥–µ—Ä–µ–Ω...

You may provide a definition with
\DeclareUnicodeCharacter 


! LaTeX Error: Unicode character —ã (U+044B)
               not set up for use with LaTeX.

See the LaTeX manual or LaTeX Companion for explanation.
Type  H <return>  for immediate help.
 ...                                              
                                                  
l.2 ..., —è–≤–ª—è—é—Ç—Å—è –Ω–µ–∫–æ–≥–µ—Ä–µ–Ω—Ç–Ω—ã
                                                  –º–∏. –ù–µ–∫–æ–≥–µ—Ä–µ–Ω—Ç...

You may provide a definition with
\DeclareUnicodeCharacter 


! LaTeX Error: Unicode character –º (U+043C)
               not set up for use with LaTeX.

See the LaTeX manual or LaTeX Companion for explanation.
Type  H <return>  for immediate help.
 ...                                              
                                                  
l.2 ...—è–≤–ª—è—é—Ç—Å—è –Ω–µ–∫–æ–≥–µ—Ä–µ–Ω—Ç–Ω—ã–º
                                                  –∏. –ù–µ–∫–æ–≥–µ—Ä–µ–Ω—Ç–Ω...

You may provide a definition with
\DeclareUnicodeCharacter 


! LaTeX Error: Unicode character –∏ (U+0438)
               not set up for use with LaTeX.

See the LaTeX manual or LaTeX Companion for explanation.
Type  H <return>  for immediate help.
 ...                                              
                                                  
l.2 ...–≤–ª—è—é—Ç—Å—è –Ω–µ–∫–æ–≥–µ—Ä–µ–Ω—Ç–Ω—ã–º–∏
                                                  . –ù–µ–∫–æ–≥–µ—Ä–µ–Ω—Ç–Ω–æ...

You may provide a definition with
\DeclareUnicodeCharacter 

Missing character: There is no . in font nullfont!

! LaTeX Error: Unicode character –ù (U+041D)
               not set up for use with LaTeX.

See the LaTeX manual or LaTeX Companion for explanation.
Type  H <return>  for immediate help.
 ...                                              
                                                  
l.2 ...—è—é—Ç—Å—è –Ω–µ–∫–æ–≥–µ—Ä–µ–Ω—Ç–Ω—ã–º–∏. –ù
                                                  –µ–∫–æ–≥–µ—Ä–µ–Ω—Ç–Ω–æ—Å—Ç...

You may provide a definition with
\DeclareUnicodeCharacter 


! LaTeX Error: Unicode character –µ (U+0435)
               not set up for use with LaTeX.

See the LaTeX manual or LaTeX Companion for explanation.
Type  H <return>  for immediate help.
 ...                                              
                                                  
l.2 ...—é—Ç—Å—è –Ω–µ–∫–æ–≥–µ—Ä–µ–Ω—Ç–Ω—ã–º–∏. –ù–µ
                                                  –∫–æ–≥–µ—Ä–µ–Ω—Ç–Ω–æ—Å—Ç—å...

You may provide a definition with
\DeclareUnicodeCharacter 


! LaTeX Error: Unicode character –∫ (U+043A)
               not set up for use with LaTeX.

See the LaTeX manual or LaTeX Companion for explanation.
Type  H <return>  for immediate help.
 ...                                              
                                                  
l.2 ...—Ç—Å—è –Ω–µ–∫–æ–≥–µ—Ä–µ–Ω—Ç–Ω—ã–º–∏. –ù–µ–∫
                                                  –æ–≥–µ—Ä–µ–Ω—Ç–Ω–æ—Å—Ç—å –...

You may provide a definition with
\DeclareUnicodeCharacter 


! LaTeX Error: Unicode character –æ (U+043E)
               not set up for use with LaTeX.

See the LaTeX manual or LaTeX Companion for explanation.
Type  H <return>  for immediate help.
 ...                                              
                                                  
l.2 ...—Å—è –Ω–µ–∫–æ–≥–µ—Ä–µ–Ω—Ç–Ω—ã–º–∏. –ù–µ–∫–æ
                                                  –≥–µ—Ä–µ–Ω—Ç–Ω–æ—Å—Ç—å –≤ ...

You may provide a definition with
\DeclareUnicodeCharacter 


! LaTeX Error: Unicode character –≥ (U+0433)
               not set up for use with LaTeX.

See the LaTeX manual or LaTeX Companion for explanation.
Type  H <return>  for immediate help.
 ...                                              
                                                  
l.2 ...—è –Ω–µ–∫–æ–≥–µ—Ä–µ–Ω—Ç–Ω—ã–º–∏. –ù–µ–∫–æ–≥
                                                  –µ—Ä–µ–Ω—Ç–Ω–æ—Å—Ç—å –≤ –ø...

You may provide a definition with
\DeclareUnicodeCharacter 


! LaTeX Error: Unicode character –µ (U+0435)
               not set up for use with LaTeX.

See the LaTeX manual or LaTeX Companion for explanation.
Type  H <return>  for immediate help.
 ...                                              
                                                  
l.2 ... –Ω–µ–∫–æ–≥–µ—Ä–µ–Ω—Ç–Ω—ã–º–∏. –ù–µ–∫–æ–≥–µ
                                                  —Ä–µ–Ω—Ç–Ω–æ—Å—Ç—å –≤ –ø–µ...

You may provide a definition with
\DeclareUnicodeCharacter 


! LaTeX Error: Unicode character —Ä (U+0440)
               not set up for use with LaTeX.

See the LaTeX manual or LaTeX Companion for explanation.
Type  H <return>  for immediate help.
 ...                                              
                                                  
l.2 ...Ω–µ–∫–æ–≥–µ—Ä–µ–Ω—Ç–Ω—ã–º–∏. –ù–µ–∫–æ–≥–µ—Ä
                                                  –µ–Ω—Ç–Ω–æ—Å—Ç—å –≤ –ø–µ—Ä...

You may provide a definition with
\DeclareUnicodeCharacter 


! LaTeX Error: Unicode character –µ (U+0435)
               not set up for use with LaTeX.

See the LaTeX manual or LaTeX Companion for explanation.
Type  H <return>  for immediate help.
 ...                                              
                                                  
l.2 ...µ–∫–æ–≥–µ—Ä–µ–Ω—Ç–Ω—ã–º–∏. –ù–µ–∫–æ–≥–µ—Ä–µ
                                                  –Ω—Ç–Ω–æ—Å—Ç—å –≤ –ø–µ—Ä–≤...

You may provide a definition with
\DeclareUnicodeCharacter 


! LaTeX Error: Unicode character –Ω (U+043D)
               not set up for use with LaTeX.

See the LaTeX manual or LaTeX Companion for explanation.
Type  H <return>  for immediate help.
 ...                                              
                                                  
l.2 ...∫–æ–≥–µ—Ä–µ–Ω—Ç–Ω—ã–º–∏. –ù–µ–∫–æ–≥–µ—Ä–µ–Ω
                                                  —Ç–Ω–æ—Å—Ç—å –≤ –ø–µ—Ä–≤—É...

You may provide a definition with
\DeclareUnicodeCharacter 


! LaTeX Error: Unicode character —Ç (U+0442)
               not set up for use with LaTeX.

See the LaTeX manual or LaTeX Companion for explanation.
Type  H <return>  for immediate help.
 ...                                              
                                                  
l.2 ...æ–≥–µ—Ä–µ–Ω—Ç–Ω—ã–º–∏. –ù–µ–∫–æ–≥–µ—Ä–µ–Ω—Ç
                                                  –Ω–æ—Å—Ç—å –≤ –ø–µ—Ä–≤—É—é...

You may provide a definition with
\DeclareUnicodeCharacter 


! LaTeX Error: Unicode character –Ω (U+043D)
               not set up for use with LaTeX.

See the LaTeX manual or LaTeX Companion for explanation.
Type  H <return>  for immediate help.
 ...                                              
                                                  
l.2 ...≥–µ—Ä–µ–Ω—Ç–Ω—ã–º–∏. –ù–µ–∫–æ–≥–µ—Ä–µ–Ω—Ç–Ω
                                                  –æ—Å—Ç—å –≤ –ø–µ—Ä–≤—É—é –...

You may provide a definition with
\DeclareUnicodeCharacter 


! LaTeX Error: Unicode character –æ (U+043E)
               not set up for use with LaTeX.

See the LaTeX manual or LaTeX Companion for explanation.
Type  H <return>  for immediate help.
 ...                                              
                                                  
l.2 ...µ—Ä–µ–Ω—Ç–Ω—ã–º–∏. –ù–µ–∫–æ–≥–µ—Ä–µ–Ω—Ç–Ω–æ
                                                  —Å—Ç—å –≤ –ø–µ—Ä–≤—É—é –æ—...

You may provide a definition with
\DeclareUnicodeCharacter 


! LaTeX Error: Unicode character —Å (U+0441)
               not set up for use with LaTeX.

See the LaTeX manual or LaTeX Companion for explanation.
Type  H <return>  for immediate help.
 ...                                              
                                                  
l.2 ...Ä–µ–Ω—Ç–Ω—ã–º–∏. –ù–µ–∫–æ–≥–µ—Ä–µ–Ω—Ç–Ω–æ—Å
                                                  —Ç—å –≤ –ø–µ—Ä–≤—É—é –æ—á–...

You may provide a definition with
\DeclareUnicodeCharacter 


! LaTeX Error: Unicode character —Ç (U+0442)
               not set up for use with LaTeX.

See the LaTeX manual or LaTeX Companion for explanation.
Type  H <return>  for immediate help.
 ...                                              
                                                  
l.2 ...µ–Ω—Ç–Ω—ã–º–∏. –ù–µ–∫–æ–≥–µ—Ä–µ–Ω—Ç–Ω–æ—Å—Ç
                                                  —å –≤ –ø–µ—Ä–≤—É—é –æ—á–µ—...

You may provide a definition with
\DeclareUnicodeCharacter 


! LaTeX Error: Unicode character —å (U+044C)
               not set up for use with LaTeX.

See the LaTeX manual or LaTeX Companion for explanation.
Type  H <return>  for immediate help.
 ...                                              
                                                  
l.2 ...Ω—Ç–Ω—ã–º–∏. –ù–µ–∫–æ–≥–µ—Ä–µ–Ω—Ç–Ω–æ—Å—Ç—å
                                                   –≤ –ø–µ—Ä–≤—É—é –æ—á–µ—Ä–...

You may provide a definition with
\DeclareUnicodeCharacter 


! LaTeX Error: Unicode character –≤ (U+0432)
               not set up for use with LaTeX.

See the LaTeX manual or LaTeX Companion for explanation.
Type  H <return>  for immediate help.
 ...                                              
                                                  
l.2 ...–Ω—ã–º–∏. –ù–µ–∫–æ–≥–µ—Ä–µ–Ω—Ç–Ω–æ—Å—Ç—å –≤
                                                   –ø–µ—Ä–≤—É—é –æ—á–µ—Ä–µ–¥...

You may provide a definition with
\DeclareUnicodeCharacter 


! LaTeX Error: Unicode character –ø (U+043F)
               not set up for use with LaTeX.

See the LaTeX manual or LaTeX Companion for explanation.
Type  H <return>  for immediate help.
 ...                                              
                                                  
l.2 ...ã–º–∏. –ù–µ–∫–æ–≥–µ—Ä–µ–Ω—Ç–Ω–æ—Å—Ç—å –≤ –ø
                                                  –µ—Ä–≤—É—é –æ—á–µ—Ä–µ–¥—å ...

You may provide a definition with
\DeclareUnicodeCharacter 


! LaTeX Error: Unicode character –µ (U+0435)
               not set up for use with LaTeX.

See the LaTeX manual or LaTeX Companion for explanation.
Type  H <return>  for immediate help.
 ...                                              
                                                  
l.2 ...º–∏. –ù–µ–∫–æ–≥–µ—Ä–µ–Ω—Ç–Ω–æ—Å—Ç—å –≤ –ø–µ
                                                  —Ä–≤—É—é –æ—á–µ—Ä–µ–¥—å –æ...

You may provide a definition with
\DeclareUnicodeCharacter 


! LaTeX Error: Unicode character —Ä (U+0440)
               not set up for use with LaTeX.

See the LaTeX manual or LaTeX Companion for explanation.
Type  H <return>  for immediate help.
 ...                                              
                                                  
l.2 ...∏. –ù–µ–∫–æ–≥–µ—Ä–µ–Ω—Ç–Ω–æ—Å—Ç—å –≤ –ø–µ—Ä
                                                  –≤—É—é –æ—á–µ—Ä–µ–¥—å –æ–∑...

You may provide a definition with
\DeclareUnicodeCharacter 


! LaTeX Error: Unicode character –≤ (U+0432)
               not set up for use with LaTeX.

See the LaTeX manual or LaTeX Companion for explanation.
Type  H <return>  for immediate help.
 ...                                              
                                                  
l.2 ... –ù–µ–∫–æ–≥–µ—Ä–µ–Ω—Ç–Ω–æ—Å—Ç—å –≤ –ø–µ—Ä–≤
                                                  —É—é –æ—á–µ—Ä–µ–¥—å –æ–∑–Ω...

You may provide a definition with
\DeclareUnicodeCharacter 


! LaTeX Error: Unicode character —É (U+0443)
               not set up for use with LaTeX.

See the LaTeX manual or LaTeX Companion for explanation.
Type  H <return>  for immediate help.
 ...                                              
                                                  
l.2 ...ù–µ–∫–æ–≥–µ—Ä–µ–Ω—Ç–Ω–æ—Å—Ç—å –≤ –ø–µ—Ä–≤—É
                                                  —é –æ—á–µ—Ä–µ–¥—å –æ–∑–Ω–∞...

You may provide a definition with
\DeclareUnicodeCharacter 


! LaTeX Error: Unicode character —é (U+044E)
               not set up for use with LaTeX.

See the LaTeX manual or LaTeX Companion for explanation.
Type  H <return>  for immediate help.
 ...                                              
                                                  
l.2 ...µ–∫–æ–≥–µ—Ä–µ–Ω—Ç–Ω–æ—Å—Ç—å –≤ –ø–µ—Ä–≤—É—é
                                                   –æ—á–µ—Ä–µ–¥—å –æ–∑–Ω–∞—á...

You may provide a definition with
\DeclareUnicodeCharacter 


! LaTeX Error: Unicode character –æ (U+043E)
               not set up for use with LaTeX.

See the LaTeX manual or LaTeX Companion for explanation.
Type  H <return>  for immediate help.
 ...                                              
                                                  
l.2 ...–æ–≥–µ—Ä–µ–Ω—Ç–Ω–æ—Å—Ç—å –≤ –ø–µ—Ä–≤—É—é –æ
                                                  —á–µ—Ä–µ–¥—å –æ–∑–Ω–∞—á–∞–...

You may provide a definition with
\DeclareUnicodeCharacter 


! LaTeX Error: Unicode character —á (U+0447)
               not set up for use with LaTeX.

See the LaTeX manual or LaTeX Companion for explanation.
Type  H <return>  for immediate help.
 ...                                              
                                                  
l.2 ...–≥–µ—Ä–µ–Ω—Ç–Ω–æ—Å—Ç—å –≤ –ø–µ—Ä–≤—É—é –æ—á
                                                  –µ—Ä–µ–¥—å –æ–∑–Ω–∞—á–∞–µ—...

You may provide a definition with
\DeclareUnicodeCharacter 


! LaTeX Error: Unicode character –µ (U+0435)
               not set up for use with LaTeX.

See the LaTeX manual or LaTeX Companion for explanation.
Type  H <return>  for immediate help.
 ...                                              
                                                  
l.2 ...–µ—Ä–µ–Ω—Ç–Ω–æ—Å—Ç—å –≤ –ø–µ—Ä–≤—É—é –æ—á–µ
                                                  —Ä–µ–¥—å –æ–∑–Ω–∞—á–∞–µ—Ç,...

You may provide a definition with
\DeclareUnicodeCharacter 


! LaTeX Error: Unicode character —Ä (U+0440)
               not set up for use with LaTeX.

See the LaTeX manual or LaTeX Companion for explanation.
Type  H <return>  for immediate help.
 ...                                              
                                                  
l.2 ...—Ä–µ–Ω—Ç–Ω–æ—Å—Ç—å –≤ –ø–µ—Ä–≤—É—é –æ—á–µ—Ä
                                                  –µ–¥—å –æ–∑–Ω–∞—á–∞–µ—Ç, —...

You may provide a definition with
\DeclareUnicodeCharacter 


! LaTeX Error: Unicode character –µ (U+0435)
               not set up for use with LaTeX.

See the LaTeX manual or LaTeX Companion for explanation.
Type  H <return>  for immediate help.
 ...                                              
                                                  
l.2 ...–µ–Ω—Ç–Ω–æ—Å—Ç—å –≤ –ø–µ—Ä–≤—É—é –æ—á–µ—Ä–µ
                                                  –¥—å –æ–∑–Ω–∞—á–∞–µ—Ç, —á—...

You may provide a definition with
\DeclareUnicodeCharacter 


! LaTeX Error: Unicode character –¥ (U+0434)
               not set up for use with LaTeX.

See the LaTeX manual or LaTeX Companion for explanation.
Type  H <return>  for immediate help.
 ...                                              
                                                  
l.2 ...–Ω—Ç–Ω–æ—Å—Ç—å –≤ –ø–µ—Ä–≤—É—é –æ—á–µ—Ä–µ–¥
                                                  —å –æ–∑–Ω–∞—á–∞–µ—Ç, —á—Ç–...

You may provide a definition with
\DeclareUnicodeCharacter 


! LaTeX Error: Unicode character —å (U+044C)
               not set up for use with LaTeX.

See the LaTeX manual or LaTeX Companion for explanation.
Type  H <return>  for immediate help.
 ...                                              
                                                  
l.2 ...—Ç–Ω–æ—Å—Ç—å –≤ –ø–µ—Ä–≤—É—é –æ—á–µ—Ä–µ–¥—å
                                                   –æ–∑–Ω–∞—á–∞–µ—Ç, —á—Ç–æ ...

You may provide a definition with
\DeclareUnicodeCharacter 


! LaTeX Error: Unicode character –æ (U+043E)
               not set up for use with LaTeX.

See the LaTeX manual or LaTeX Companion for explanation.
Type  H <return>  for immediate help.
 ...                                              
                                                  
l.2 ...Ω–æ—Å—Ç—å –≤ –ø–µ—Ä–≤—É—é –æ—á–µ—Ä–µ–¥—å –æ
                                                  –∑–Ω–∞—á–∞–µ—Ç, —á—Ç–æ –≤–...

You may provide a definition with
\DeclareUnicodeCharacter 


! LaTeX Error: Unicode character –∑ (U+0437)
               not set up for use with LaTeX.

See the LaTeX manual or LaTeX Companion for explanation.
Type  H <return>  for immediate help.
 ...                                              
                                                  
l.2 ...æ—Å—Ç—å –≤ –ø–µ—Ä–≤—É—é –æ—á–µ—Ä–µ–¥—å –æ–∑
                                                  –Ω–∞—á–∞–µ—Ç, —á—Ç–æ –≤–µ–...

You may provide a definition with
\DeclareUnicodeCharacter 


! LaTeX Error: Unicode character –Ω (U+043D)
               not set up for use with LaTeX.

See the LaTeX manual or LaTeX Companion for explanation.
Type  H <return>  for immediate help.
 ...                                              
                                                  
l.2 ...Å—Ç—å –≤ –ø–µ—Ä–≤—É—é –æ—á–µ—Ä–µ–¥—å –æ–∑–Ω
                                                  –∞—á–∞–µ—Ç, —á—Ç–æ –≤–µ–ª–...

You may provide a definition with
\DeclareUnicodeCharacter 


! LaTeX Error: Unicode character –∞ (U+0430)
               not set up for use with LaTeX.

See the LaTeX manual or LaTeX Companion for explanation.
Type  H <return>  for immediate help.
 ...                                              
                                                  
l.2 ...Ç—å –≤ –ø–µ—Ä–≤—É—é –æ—á–µ—Ä–µ–¥—å –æ–∑–Ω–∞
                                                  —á–∞–µ—Ç, —á—Ç–æ –≤–µ–ª–∏—...

You may provide a definition with
\DeclareUnicodeCharacter 


! LaTeX Error: Unicode character —á (U+0447)
               not set up for use with LaTeX.

See the LaTeX manual or LaTeX Companion for explanation.
Type  H <return>  for immediate help.
 ...                                              
                                                  
l.2 ...å –≤ –ø–µ—Ä–≤—É—é –æ—á–µ—Ä–µ–¥—å –æ–∑–Ω–∞—á
                                                  –∞–µ—Ç, —á—Ç–æ –≤–µ–ª–∏—á–...

You may provide a definition with
\DeclareUnicodeCharacter 


! LaTeX Error: Unicode character –∞ (U+0430)
               not set up for use with LaTeX.

See the LaTeX manual or LaTeX Companion for explanation.
Type  H <return>  for immediate help.
 ...                                              
                                                  
l.2 ...–≤ –ø–µ—Ä–≤—É—é –æ—á–µ—Ä–µ–¥—å –æ–∑–Ω–∞—á–∞
                                                  –µ—Ç, —á—Ç–æ –≤–µ–ª–∏—á–∏–...

You may provide a definition with
\DeclareUnicodeCharacter 


! LaTeX Error: Unicode character –µ (U+0435)
               not set up for use with LaTeX.

See the LaTeX manual or LaTeX Companion for explanation.
Type  H <return>  for immediate help.
 ...                                              
                                                  
l.2 ... –ø–µ—Ä–≤—É—é –æ—á–µ—Ä–µ–¥—å –æ–∑–Ω–∞—á–∞–µ
                                                  —Ç, —á—Ç–æ –≤–µ–ª–∏—á–∏–Ω–...

You may provide a definition with
\DeclareUnicodeCharacter 


! LaTeX Error: Unicode character —Ç (U+0442)
               not set up for use with LaTeX.

See the LaTeX manual or LaTeX Companion for explanation.
Type  H <return>  for immediate help.
 ...                                              
                                                  
l.2 ...ø–µ—Ä–≤—É—é –æ—á–µ—Ä–µ–¥—å –æ–∑–Ω–∞—á–∞–µ—Ç
                                                  , —á—Ç–æ –≤–µ–ª–∏—á–∏–Ω–∞ ...

You may provide a definition with
\DeclareUnicodeCharacter 

Missing character: There is no , in font nullfont!

! LaTeX Error: Unicode character —á (U+0447)
               not set up for use with LaTeX.

See the LaTeX manual or LaTeX Companion for explanation.
Type  H <return>  for immediate help.
 ...                                              
                                                  
l.2 ...Ä–≤—É—é –æ—á–µ—Ä–µ–¥—å –æ–∑–Ω–∞—á–∞–µ—Ç, —á
                                                  —Ç–æ –≤–µ–ª–∏—á–∏–Ω–∞ –ø–æ...

You may provide a definition with
\DeclareUnicodeCharacter 


! LaTeX Error: Unicode character —Ç (U+0442)
               not set up for use with LaTeX.

See the LaTeX manual or LaTeX Companion for explanation.
Type  H <return>  for immediate help.
 ...                                              
                                                  
l.2 ...≤—É—é –æ—á–µ—Ä–µ–¥—å –æ–∑–Ω–∞—á–∞–µ—Ç, —á—Ç
                                                  –æ –≤–µ–ª–∏—á–∏–Ω–∞ –ø–æ–ª...

You may provide a definition with
\DeclareUnicodeCharacter 


! LaTeX Error: Unicode character –æ (U+043E)
               not set up for use with LaTeX.

See the LaTeX manual or LaTeX Companion for explanation.
Type  H <return>  for immediate help.
 ...                                              
                                                  
l.2 ...É—é –æ—á–µ—Ä–µ–¥—å –æ–∑–Ω–∞—á–∞–µ—Ç, —á—Ç–æ
                                                   –≤–µ–ª–∏—á–∏–Ω–∞ –ø–æ–ª—è...

You may provide a definition with
\DeclareUnicodeCharacter 


! LaTeX Error: Unicode character –≤ (U+0432)
               not set up for use with LaTeX.

See the LaTeX manual or LaTeX Companion for explanation.
Type  H <return>  for immediate help.
 ...                                              
                                                  
l.2 ... –æ—á–µ—Ä–µ–¥—å –æ–∑–Ω–∞—á–∞–µ—Ç, —á—Ç–æ –≤
                                                  –µ–ª–∏—á–∏–Ω–∞ –ø–æ–ª—è –≤...

You may provide a definition with
\DeclareUnicodeCharacter 


! LaTeX Error: Unicode character –µ (U+0435)
               not set up for use with LaTeX.

See the LaTeX manual or LaTeX Companion for explanation.
Type  H <return>  for immediate help.
 ...                                              
                                                  
l.2 ...æ—á–µ—Ä–µ–¥—å –æ–∑–Ω–∞—á–∞–µ—Ç, —á—Ç–æ –≤–µ
                                                  –ª–∏—á–∏–Ω–∞ –ø–æ–ª—è –≤ –...

You may provide a definition with
\DeclareUnicodeCharacter 


! LaTeX Error: Unicode character –ª (U+043B)
               not set up for use with LaTeX.

See the LaTeX manual or LaTeX Companion for explanation.
Type  H <return>  for immediate help.
 ...                                              
                                                  
l.2 ...á–µ—Ä–µ–¥—å –æ–∑–Ω–∞—á–∞–µ—Ç, —á—Ç–æ –≤–µ–ª
                                                  –∏—á–∏–Ω–∞ –ø–æ–ª—è –≤ –∫–...

You may provide a definition with
\DeclareUnicodeCharacter 


! LaTeX Error: Unicode character –∏ (U+0438)
               not set up for use with LaTeX.

See the LaTeX manual or LaTeX Companion for explanation.
Type  H <return>  for immediate help.
 ...                                              
                                                  
l.2 ...µ—Ä–µ–¥—å –æ–∑–Ω–∞—á–∞–µ—Ç, —á—Ç–æ –≤–µ–ª–∏
                                                  —á–∏–Ω–∞ –ø–æ–ª—è –≤ –∫–∞–...

You may provide a definition with
\DeclareUnicodeCharacter 


! LaTeX Error: Unicode character —á (U+0447)
               not set up for use with LaTeX.

See the LaTeX manual or LaTeX Companion for explanation.
Type  H <return>  for immediate help.
 ...                                              
                                                  
l.2 ...Ä–µ–¥—å –æ–∑–Ω–∞—á–∞–µ—Ç, —á—Ç–æ –≤–µ–ª–∏—á
                                                  –∏–Ω–∞ –ø–æ–ª—è –≤ –∫–∞–∂–...

You may provide a definition with
\DeclareUnicodeCharacter 


! LaTeX Error: Unicode character –∏ (U+0438)
               not set up for use with LaTeX.

See the LaTeX manual or LaTeX Companion for explanation.
Type  H <return>  for immediate help.
 ...                                              
                                                  
l.2 ...µ–¥—å –æ–∑–Ω–∞—á–∞–µ—Ç, —á—Ç–æ –≤–µ–ª–∏—á–∏
                                                  –Ω–∞ –ø–æ–ª—è –≤ –∫–∞–∂–¥–...

You may provide a definition with
\DeclareUnicodeCharacter 


! LaTeX Error: Unicode character –Ω (U+043D)
               not set up for use with LaTeX.

See the LaTeX manual or LaTeX Companion for explanation.
Type  H <return>  for immediate help.
 ...                                              
                                                  
l.2 ...¥—å –æ–∑–Ω–∞—á–∞–µ—Ç, —á—Ç–æ –≤–µ–ª–∏—á–∏–Ω
                                                  –∞ –ø–æ–ª—è –≤ –∫–∞–∂–¥–æ–...

You may provide a definition with
\DeclareUnicodeCharacter 


! LaTeX Error: Unicode character –∞ (U+0430)
               not set up for use with LaTeX.

See the LaTeX manual or LaTeX Companion for explanation.
Type  H <return>  for immediate help.
 ...                                              
                                                  
l.2 ...å –æ–∑–Ω–∞—á–∞–µ—Ç, —á—Ç–æ –≤–µ–ª–∏—á–∏–Ω–∞
                                                   –ø–æ–ª—è –≤ –∫–∞–∂–¥–æ–π ...

You may provide a definition with
\DeclareUnicodeCharacter 


! LaTeX Error: Unicode character –ø (U+043F)
               not set up for use with LaTeX.

See the LaTeX manual or LaTeX Companion for explanation.
Type  H <return>  for immediate help.
 ...                                              
                                                  
l.2 ...æ–∑–Ω–∞—á–∞–µ—Ç, —á—Ç–æ –≤–µ–ª–∏—á–∏–Ω–∞ –ø
                                                  –æ–ª—è –≤ –∫–∞–∂–¥–æ–π —Ç–...

You may provide a definition with
\DeclareUnicodeCharacter 


! LaTeX Error: Unicode character –æ (U+043E)
               not set up for use with LaTeX.

See the LaTeX manual or LaTeX Companion for explanation.
Type  H <return>  for immediate help.
 ...                                              
                                                  
l.2 ...∑–Ω–∞—á–∞–µ—Ç, —á—Ç–æ –≤–µ–ª–∏—á–∏–Ω–∞ –ø–æ
                                                  –ª—è –≤ –∫–∞–∂–¥–æ–π —Ç–æ—...

You may provide a definition with
\DeclareUnicodeCharacter 


! LaTeX Error: Unicode character –ª (U+043B)
               not set up for use with LaTeX.

See the LaTeX manual or LaTeX Companion for explanation.
Type  H <return>  for immediate help.
 ...                                              
                                                  
l.2 ...Ω–∞—á–∞–µ—Ç, —á—Ç–æ –≤–µ–ª–∏—á–∏–Ω–∞ –ø–æ–ª
                                                  —è –≤ –∫–∞–∂–¥–æ–π —Ç–æ—á–...

You may provide a definition with
\DeclareUnicodeCharacter 


! LaTeX Error: Unicode character —è (U+044F)
               not set up for use with LaTeX.

See the LaTeX manual or LaTeX Companion for explanation.
Type  H <return>  for immediate help.
 ...                                              
                                                  
l.2 ...∞—á–∞–µ—Ç, —á—Ç–æ –≤–µ–ª–∏—á–∏–Ω–∞ –ø–æ–ª—è
                                                   –≤ –∫–∞–∂–¥–æ–π —Ç–æ—á–∫–...

You may provide a definition with
\DeclareUnicodeCharacter 


! LaTeX Error: Unicode character –≤ (U+0432)
               not set up for use with LaTeX.

See the LaTeX manual or LaTeX Companion for explanation.
Type  H <return>  for immediate help.
 ...                                              
                                                  
l.2 ...–∞–µ—Ç, —á—Ç–æ –≤–µ–ª–∏—á–∏–Ω–∞ –ø–æ–ª—è –≤
                                                   –∫–∞–∂–¥–æ–π —Ç–æ—á–∫–µ —...

You may provide a definition with
\DeclareUnicodeCharacter 


! LaTeX Error: Unicode character –∫ (U+043A)
               not set up for use with LaTeX.

See the LaTeX manual or LaTeX Companion for explanation.
Type  H <return>  for immediate help.
 ...                                              
                                                  
l.2 ...µ—Ç, —á—Ç–æ –≤–µ–ª–∏—á–∏–Ω–∞ –ø–æ–ª—è –≤ –∫
                                                  –∞–∂–¥–æ–π —Ç–æ—á–∫–µ —è–≤...

You may provide a definition with
\DeclareUnicodeCharacter 


! LaTeX Error: Unicode character –∞ (U+0430)
               not set up for use with LaTeX.

See the LaTeX manual or LaTeX Companion for explanation.
Type  H <return>  for immediate help.
 ...                                              
                                                  
l.2 ...Ç, —á—Ç–æ –≤–µ–ª–∏—á–∏–Ω–∞ –ø–æ–ª—è –≤ –∫–∞
                                                  –∂–¥–æ–π —Ç–æ—á–∫–µ —è–≤–ª...

You may provide a definition with
\DeclareUnicodeCharacter 


! LaTeX Error: Unicode character –∂ (U+0436)
               not set up for use with LaTeX.

See the LaTeX manual or LaTeX Companion for explanation.
Type  H <return>  for immediate help.
 ...                                              
                                                  
l.2 ... —á—Ç–æ –≤–µ–ª–∏—á–∏–Ω–∞ –ø–æ–ª—è –≤ –∫–∞–∂
                                                  –¥–æ–π —Ç–æ—á–∫–µ —è–≤–ª—è...

You may provide a definition with
\DeclareUnicodeCharacter 


! LaTeX Error: Unicode character –¥ (U+0434)
               not set up for use with LaTeX.

See the LaTeX manual or LaTeX Companion for explanation.
Type  H <return>  for immediate help.
 ...                                              
                                                  
l.2 ...á—Ç–æ –≤–µ–ª–∏—á–∏–Ω–∞ –ø–æ–ª—è –≤ –∫–∞–∂–¥
                                                  –æ–π —Ç–æ—á–∫–µ —è–≤–ª—è–µ...

You may provide a definition with
\DeclareUnicodeCharacter 


! LaTeX Error: Unicode character –æ (U+043E)
               not set up for use with LaTeX.

See the LaTeX manual or LaTeX Companion for explanation.
Type  H <return>  for immediate help.
 ...                                              
                                                  
l.2 ...Ç–æ –≤–µ–ª–∏—á–∏–Ω–∞ –ø–æ–ª—è –≤ –∫–∞–∂–¥–æ
                                                  –π —Ç–æ—á–∫–µ —è–≤–ª—è–µ—Ç...

You may provide a definition with
\DeclareUnicodeCharacter 


! LaTeX Error: Unicode character –π (U+0439)
               not set up for use with LaTeX.

See the LaTeX manual or LaTeX Companion for explanation.
Type  H <return>  for immediate help.
 ...                                              
                                                  
l.2 ...æ –≤–µ–ª–∏—á–∏–Ω–∞ –ø–æ–ª—è –≤ –∫–∞–∂–¥–æ–π
                                                   —Ç–æ—á–∫–µ —è–≤–ª—è–µ—Ç—Å...

You may provide a definition with
\DeclareUnicodeCharacter 


! LaTeX Error: Unicode character —Ç (U+0442)
               not set up for use with LaTeX.

See the LaTeX manual or LaTeX Companion for explanation.
Type  H <return>  for immediate help.
 ...                                              
                                                  
l.2 ...≤–µ–ª–∏—á–∏–Ω–∞ –ø–æ–ª—è –≤ –∫–∞–∂–¥–æ–π —Ç
                                                  –æ—á–∫–µ —è–≤–ª—è–µ—Ç—Å—è ...

You may provide a definition with
\DeclareUnicodeCharacter 


! LaTeX Error: Unicode character –æ (U+043E)
               not set up for use with LaTeX.

See the LaTeX manual or LaTeX Companion for explanation.
Type  H <return>  for immediate help.
 ...                                              
                                                  
l.2 ...µ–ª–∏—á–∏–Ω–∞ –ø–æ–ª—è –≤ –∫–∞–∂–¥–æ–π —Ç–æ
                                                  —á–∫–µ —è–≤–ª—è–µ—Ç—Å—è —Å...

You may provide a definition with
\DeclareUnicodeCharacter 


! LaTeX Error: Unicode character —á (U+0447)
               not set up for use with LaTeX.

See the LaTeX manual or LaTeX Companion for explanation.
Type  H <return>  for immediate help.
 ...                                              
                                                  
l.2 ...ª–∏—á–∏–Ω–∞ –ø–æ–ª—è –≤ –∫–∞–∂–¥–æ–π —Ç–æ—á
                                                  –∫–µ —è–≤–ª—è–µ—Ç—Å—è —Å–ª...

You may provide a definition with
\DeclareUnicodeCharacter 


! LaTeX Error: Unicode character –∫ (U+043A)
               not set up for use with LaTeX.

See the LaTeX manual or LaTeX Companion for explanation.
Type  H <return>  for immediate help.
 ...                                              
                                                  
l.2 ...∏—á–∏–Ω–∞ –ø–æ–ª—è –≤ –∫–∞–∂–¥–æ–π —Ç–æ—á–∫
                                                  –µ —è–≤–ª—è–µ—Ç—Å—è —Å–ª—É...

You may provide a definition with
\DeclareUnicodeCharacter 


! LaTeX Error: Unicode character –µ (U+0435)
               not set up for use with LaTeX.

See the LaTeX manual or LaTeX Companion for explanation.
Type  H <return>  for immediate help.
 ...                                              
                                                  
l.2 ...á–∏–Ω–∞ –ø–æ–ª—è –≤ –∫–∞–∂–¥–æ–π —Ç–æ—á–∫–µ
                                                   —è–≤–ª—è–µ—Ç—Å—è —Å–ª—É—á...

You may provide a definition with
\DeclareUnicodeCharacter 


! LaTeX Error: Unicode character —è (U+044F)
               not set up for use with LaTeX.

See the LaTeX manual or LaTeX Companion for explanation.
Type  H <return>  for immediate help.
 ...                                              
                                                  
l.2 ...–Ω–∞ –ø–æ–ª—è –≤ –∫–∞–∂–¥–æ–π —Ç–æ—á–∫–µ —è
                                                  –≤–ª—è–µ—Ç—Å—è —Å–ª—É—á–∞–...

You may provide a definition with
\DeclareUnicodeCharacter 


! LaTeX Error: Unicode character –≤ (U+0432)
               not set up for use with LaTeX.

See the LaTeX manual or LaTeX Companion for explanation.
Type  H <return>  for immediate help.
 ...                                              
                                                  
l.2 ...–∞ –ø–æ–ª—è –≤ –∫–∞–∂–¥–æ–π —Ç–æ—á–∫–µ —è–≤
                                                  –ª—è–µ—Ç—Å—è —Å–ª—É—á–∞–π–...

You may provide a definition with
\DeclareUnicodeCharacter 


! LaTeX Error: Unicode character –ª (U+043B)
               not set up for use with LaTeX.

See the LaTeX manual or LaTeX Companion for explanation.
Type  H <return>  for immediate help.
 ...                                              
                                                  
l.2 ... –ø–æ–ª—è –≤ –∫–∞–∂–¥–æ–π —Ç–æ—á–∫–µ —è–≤–ª
                                                  —è–µ—Ç—Å—è —Å–ª—É—á–∞–π–Ω–...
(That makes 100 errors; please try again.) 
Here is how much of TeX's memory you used:
 41 strings out of 474049
 811 string characters out of 5746278
 1925754 words of memory out of 5000000
 22567 multiletter control sequences out of 15000+600000
 558069 words of font info for 36 fonts, out of 8000000 for 9000
 1141 hyphenation exceptions out of 8191
 15i,0n,18p,747b,29s stack positions out of 10000i,1000n,20000p,200000b,200000s

!  ==> Fatal error occurred, no output PDF file produced!
