This is pdfTeX, Version 3.141592653-2.6-1.40.26 (TeX Live 2024) (preloaded format=pdflatex 2024.5.4)  9 MAY 2024 21:17
entering extended mode
 restricted \write18 enabled.
 %&-line parsing enabled.
**"–û–ø—Ç–∏—á–µ—Å–∫–∏–µ –≤—ã—á–∏—Å–ª–∏—Ç–µ–ª–∏.tex"
(./–û–ø—Ç–∏—á–µ—Å–∫–∏–µ –≤—ã—á–∏—Å–ª–∏—Ç–µ–ª–∏.tex
LaTeX2e <2023-11-01> patch level 1
L3 programming layer <2024-04-11>
! Undefined control sequence.
l.1 \subsection
               {–û–ø—Ç–∏—á–µ—Å–∫–∏–µ –≤—ã—á–∏—Å–ª–∏—Ç–µ–ª–∏}
The control sequence at the end of the top line
of your error message was never \def'ed. If you have
misspelled it (e.g., `\hobx'), type `I' and the correct
spelling (e.g., `I\hbox'). Otherwise just continue,
and I'll forget about whatever was undefined.


! LaTeX Error: Unicode character –û (U+041E)
               not set up for use with LaTeX.

See the LaTeX manual or LaTeX Companion for explanation.
Type  H <return>  for immediate help.
 ...                                              
                                                  
l.1 \subsection{–û
                  –ø—Ç–∏—á–µ—Å–∫–∏–µ –≤—ã—á–∏—Å–ª–∏—Ç–µ–ª–∏}
You may provide a definition with
\DeclareUnicodeCharacter 


! LaTeX Error: Unicode character –ø (U+043F)
               not set up for use with LaTeX.

See the LaTeX manual or LaTeX Companion for explanation.
Type  H <return>  for immediate help.
 ...                                              
                                                  
l.1 \subsection{–û–ø
                    —Ç–∏—á–µ—Å–∫–∏–µ –≤—ã—á–∏—Å–ª–∏—Ç–µ–ª–∏}
You may provide a definition with
\DeclareUnicodeCharacter 


! LaTeX Error: Unicode character —Ç (U+0442)
               not set up for use with LaTeX.

See the LaTeX manual or LaTeX Companion for explanation.
Type  H <return>  for immediate help.
 ...                                              
                                                  
l.1 \subsection{–û–ø—Ç
                      –∏—á–µ—Å–∫–∏–µ –≤—ã—á–∏—Å–ª–∏—Ç–µ–ª–∏}
You may provide a definition with
\DeclareUnicodeCharacter 


! LaTeX Error: Unicode character –∏ (U+0438)
               not set up for use with LaTeX.

See the LaTeX manual or LaTeX Companion for explanation.
Type  H <return>  for immediate help.
 ...                                              
                                                  
l.1 \subsection{–û–ø—Ç–∏
                        —á–µ—Å–∫–∏–µ –≤—ã—á–∏—Å–ª–∏—Ç–µ–ª–∏}
You may provide a definition with
\DeclareUnicodeCharacter 


! LaTeX Error: Unicode character —á (U+0447)
               not set up for use with LaTeX.

See the LaTeX manual or LaTeX Companion for explanation.
Type  H <return>  for immediate help.
 ...                                              
                                                  
l.1 \subsection{–û–ø—Ç–∏—á
                          –µ—Å–∫–∏–µ –≤—ã—á–∏—Å–ª–∏—Ç–µ–ª–∏}
You may provide a definition with
\DeclareUnicodeCharacter 


! LaTeX Error: Unicode character –µ (U+0435)
               not set up for use with LaTeX.

See the LaTeX manual or LaTeX Companion for explanation.
Type  H <return>  for immediate help.
 ...                                              
                                                  
l.1 \subsection{–û–ø—Ç–∏—á–µ
                            —Å–∫–∏–µ –≤—ã—á–∏—Å–ª–∏—Ç–µ–ª–∏}
You may provide a definition with
\DeclareUnicodeCharacter 


! LaTeX Error: Unicode character —Å (U+0441)
               not set up for use with LaTeX.

See the LaTeX manual or LaTeX Companion for explanation.
Type  H <return>  for immediate help.
 ...                                              
                                                  
l.1 \subsection{–û–ø—Ç–∏—á–µ—Å
                              –∫–∏–µ –≤—ã—á–∏—Å–ª–∏—Ç–µ–ª–∏}
You may provide a definition with
\DeclareUnicodeCharacter 


! LaTeX Error: Unicode character –∫ (U+043A)
               not set up for use with LaTeX.

See the LaTeX manual or LaTeX Companion for explanation.
Type  H <return>  for immediate help.
 ...                                              
                                                  
l.1 \subsection{–û–ø—Ç–∏—á–µ—Å–∫
                                –∏–µ –≤—ã—á–∏—Å–ª–∏—Ç–µ–ª–∏}
You may provide a definition with
\DeclareUnicodeCharacter 


! LaTeX Error: Unicode character –∏ (U+0438)
               not set up for use with LaTeX.

See the LaTeX manual or LaTeX Companion for explanation.
Type  H <return>  for immediate help.
 ...                                              
                                                  
l.1 \subsection{–û–ø—Ç–∏—á–µ—Å–∫–∏
                                  –µ –≤—ã—á–∏—Å–ª–∏—Ç–µ–ª–∏}
You may provide a definition with
\DeclareUnicodeCharacter 


! LaTeX Error: Unicode character –µ (U+0435)
               not set up for use with LaTeX.

See the LaTeX manual or LaTeX Companion for explanation.
Type  H <return>  for immediate help.
 ...                                              
                                                  
l.1 \subsection{–û–ø—Ç–∏—á–µ—Å–∫–∏–µ
                                     –≤—ã—á–∏—Å–ª–∏—Ç–µ–ª–∏}
You may provide a definition with
\DeclareUnicodeCharacter 


! LaTeX Error: Unicode character –≤ (U+0432)
               not set up for use with LaTeX.

See the LaTeX manual or LaTeX Companion for explanation.
Type  H <return>  for immediate help.
 ...                                              
                                                  
l.1 \subsection{–û–ø—Ç–∏—á–µ—Å–∫–∏–µ –≤
                                       —ã—á–∏—Å–ª–∏—Ç–µ–ª–∏}
You may provide a definition with
\DeclareUnicodeCharacter 


! LaTeX Error: Unicode character —ã (U+044B)
               not set up for use with LaTeX.

See the LaTeX manual or LaTeX Companion for explanation.
Type  H <return>  for immediate help.
 ...                                              
                                                  
l.1 \subsection{–û–ø—Ç–∏—á–µ—Å–∫–∏–µ –≤—ã
                                         —á–∏—Å–ª–∏—Ç–µ–ª–∏}
You may provide a definition with
\DeclareUnicodeCharacter 


! LaTeX Error: Unicode character —á (U+0447)
               not set up for use with LaTeX.

See the LaTeX manual or LaTeX Companion for explanation.
Type  H <return>  for immediate help.
 ...                                              
                                                  
l.1 \subsection{–û–ø—Ç–∏—á–µ—Å–∫–∏–µ –≤—ã—á
                                           –∏—Å–ª–∏—Ç–µ–ª–∏}
You may provide a definition with
\DeclareUnicodeCharacter 


! LaTeX Error: Unicode character –∏ (U+0438)
               not set up for use with LaTeX.

See the LaTeX manual or LaTeX Companion for explanation.
Type  H <return>  for immediate help.
 ...                                              
                                                  
l.1 \subsection{–û–ø—Ç–∏—á–µ—Å–∫–∏–µ –≤—ã—á–∏
                                             —Å–ª–∏—Ç–µ–ª–∏}
You may provide a definition with
\DeclareUnicodeCharacter 


! LaTeX Error: Unicode character —Å (U+0441)
               not set up for use with LaTeX.

See the LaTeX manual or LaTeX Companion for explanation.
Type  H <return>  for immediate help.
 ...                                              
                                                  
l.1 \subsection{–û–ø—Ç–∏—á–µ—Å–∫–∏–µ –≤—ã—á–∏—Å
                                               –ª–∏—Ç–µ–ª–∏}
You may provide a definition with
\DeclareUnicodeCharacter 


! LaTeX Error: Unicode character –ª (U+043B)
               not set up for use with LaTeX.

See the LaTeX manual or LaTeX Companion for explanation.
Type  H <return>  for immediate help.
 ...                                              
                                                  
l.1 \subsection{–û–ø—Ç–∏—á–µ—Å–∫–∏–µ –≤—ã—á–∏—Å–ª
                                                 –∏—Ç–µ–ª–∏}
You may provide a definition with
\DeclareUnicodeCharacter 


! LaTeX Error: Unicode character –∏ (U+0438)
               not set up for use with LaTeX.

See the LaTeX manual or LaTeX Companion for explanation.
Type  H <return>  for immediate help.
 ...                                              
                                                  
l.1 ...section{–û–ø—Ç–∏—á–µ—Å–∫–∏–µ –≤—ã—á–∏—Å–ª–∏
                                                  —Ç–µ–ª–∏}
You may provide a definition with
\DeclareUnicodeCharacter 


! LaTeX Error: Unicode character —Ç (U+0442)
               not set up for use with LaTeX.

See the LaTeX manual or LaTeX Companion for explanation.
Type  H <return>  for immediate help.
 ...                                              
                                                  
l.1 ...ction{–û–ø—Ç–∏—á–µ—Å–∫–∏–µ –≤—ã—á–∏—Å–ª–∏—Ç
                                                  –µ–ª–∏}
You may provide a definition with
\DeclareUnicodeCharacter 


! LaTeX Error: Unicode character –µ (U+0435)
               not set up for use with LaTeX.

See the LaTeX manual or LaTeX Companion for explanation.
Type  H <return>  for immediate help.
 ...                                              
                                                  
l.1 ...ion{–û–ø—Ç–∏—á–µ—Å–∫–∏–µ –≤—ã—á–∏—Å–ª–∏—Ç–µ
                                                  –ª–∏}
You may provide a definition with
\DeclareUnicodeCharacter 


! LaTeX Error: Unicode character –ª (U+043B)
               not set up for use with LaTeX.

See the LaTeX manual or LaTeX Companion for explanation.
Type  H <return>  for immediate help.
 ...                                              
                                                  
l.1 ...n{–û–ø—Ç–∏—á–µ—Å–∫–∏–µ –≤—ã—á–∏—Å–ª–∏—Ç–µ–ª
                                                  –∏}
You may provide a definition with
\DeclareUnicodeCharacter 


! LaTeX Error: Unicode character –∏ (U+0438)
               not set up for use with LaTeX.

See the LaTeX manual or LaTeX Companion for explanation.
Type  H <return>  for immediate help.
 ...                                              
                                                  
l.1 ...–û–ø—Ç–∏—á–µ—Å–∫–∏–µ –≤—ã—á–∏—Å–ª–∏—Ç–µ–ª–∏
                                                  }
You may provide a definition with
\DeclareUnicodeCharacter 


! LaTeX Error: Unicode character –û (U+041E)
               not set up for use with LaTeX.

See the LaTeX manual or LaTeX Companion for explanation.
Type  H <return>  for immediate help.
 ...                                              
                                                  
l.2 –û
      –¥–∏–Ω –∏–∑ –º–µ—Ç–æ–¥–æ–≤ —Ä–µ—à–µ–Ω–∏—è –ø—Ä–æ–±–ª–µ–º –æ–ø–∏—Å–∞–Ω–...

You may provide a definition with
\DeclareUnicodeCharacter 


! LaTeX Error: Unicode character –¥ (U+0434)
               not set up for use with LaTeX.

See the LaTeX manual or LaTeX Companion for explanation.
Type  H <return>  for immediate help.
 ...                                              
                                                  
l.2 –û–¥
        –∏–Ω –∏–∑ –º–µ—Ç–æ–¥–æ–≤ —Ä–µ—à–µ–Ω–∏—è –ø—Ä–æ–±–ª–µ–º –æ–ø–∏—Å–∞–Ω–...

You may provide a definition with
\DeclareUnicodeCharacter 


! LaTeX Error: Unicode character –∏ (U+0438)
               not set up for use with LaTeX.

See the LaTeX manual or LaTeX Companion for explanation.
Type  H <return>  for immediate help.
 ...                                              
                                                  
l.2 –û–¥–∏
          –Ω –∏–∑ –º–µ—Ç–æ–¥–æ–≤ —Ä–µ—à–µ–Ω–∏—è –ø—Ä–æ–±–ª–µ–º –æ–ø–∏—Å–∞–Ω–...

You may provide a definition with
\DeclareUnicodeCharacter 


! LaTeX Error: Unicode character –Ω (U+043D)
               not set up for use with LaTeX.

See the LaTeX manual or LaTeX Companion for explanation.
Type  H <return>  for immediate help.
 ...                                              
                                                  
l.2 –û–¥–∏–Ω
             –∏–∑ –º–µ—Ç–æ–¥–æ–≤ —Ä–µ—à–µ–Ω–∏—è –ø—Ä–æ–±–ª–µ–º –æ–ø–∏—Å–∞–Ω–...

You may provide a definition with
\DeclareUnicodeCharacter 


! LaTeX Error: Unicode character –∏ (U+0438)
               not set up for use with LaTeX.

See the LaTeX manual or LaTeX Companion for explanation.
Type  H <return>  for immediate help.
 ...                                              
                                                  
l.2 –û–¥–∏–Ω –∏
               –∑ –º–µ—Ç–æ–¥–æ–≤ —Ä–µ—à–µ–Ω–∏—è –ø—Ä–æ–±–ª–µ–º –æ–ø–∏—Å–∞–Ω–...

You may provide a definition with
\DeclareUnicodeCharacter 


! LaTeX Error: Unicode character –∑ (U+0437)
               not set up for use with LaTeX.

See the LaTeX manual or LaTeX Companion for explanation.
Type  H <return>  for immediate help.
 ...                                              
                                                  
l.2 –û–¥–∏–Ω –∏–∑
                  –º–µ—Ç–æ–¥–æ–≤ —Ä–µ—à–µ–Ω–∏—è –ø—Ä–æ–±–ª–µ–º –æ–ø–∏—Å–∞–Ω–...

You may provide a definition with
\DeclareUnicodeCharacter 


! LaTeX Error: Unicode character –º (U+043C)
               not set up for use with LaTeX.

See the LaTeX manual or LaTeX Companion for explanation.
Type  H <return>  for immediate help.
 ...                                              
                                                  
l.2 –û–¥–∏–Ω –∏–∑ –º
                    –µ—Ç–æ–¥–æ–≤ —Ä–µ—à–µ–Ω–∏—è –ø—Ä–æ–±–ª–µ–º –æ–ø–∏—Å–∞–Ω–...

You may provide a definition with
\DeclareUnicodeCharacter 


! LaTeX Error: Unicode character –µ (U+0435)
               not set up for use with LaTeX.

See the LaTeX manual or LaTeX Companion for explanation.
Type  H <return>  for immediate help.
 ...                                              
                                                  
l.2 –û–¥–∏–Ω –∏–∑ –º–µ
                      —Ç–æ–¥–æ–≤ —Ä–µ—à–µ–Ω–∏—è –ø—Ä–æ–±–ª–µ–º –æ–ø–∏—Å–∞–Ω–...

You may provide a definition with
\DeclareUnicodeCharacter 


! LaTeX Error: Unicode character —Ç (U+0442)
               not set up for use with LaTeX.

See the LaTeX manual or LaTeX Companion for explanation.
Type  H <return>  for immediate help.
 ...                                              
                                                  
l.2 –û–¥–∏–Ω –∏–∑ –º–µ—Ç
                        –æ–¥–æ–≤ —Ä–µ—à–µ–Ω–∏—è –ø—Ä–æ–±–ª–µ–º –æ–ø–∏—Å–∞–Ω–...

You may provide a definition with
\DeclareUnicodeCharacter 


! LaTeX Error: Unicode character –æ (U+043E)
               not set up for use with LaTeX.

See the LaTeX manual or LaTeX Companion for explanation.
Type  H <return>  for immediate help.
 ...                                              
                                                  
l.2 –û–¥–∏–Ω –∏–∑ –º–µ—Ç–æ
                          –¥–æ–≤ —Ä–µ—à–µ–Ω–∏—è –ø—Ä–æ–±–ª–µ–º –æ–ø–∏—Å–∞–Ω–...

You may provide a definition with
\DeclareUnicodeCharacter 


! LaTeX Error: Unicode character –¥ (U+0434)
               not set up for use with LaTeX.

See the LaTeX manual or LaTeX Companion for explanation.
Type  H <return>  for immediate help.
 ...                                              
                                                  
l.2 –û–¥–∏–Ω –∏–∑ –º–µ—Ç–æ–¥
                            –æ–≤ —Ä–µ—à–µ–Ω–∏—è –ø—Ä–æ–±–ª–µ–º –æ–ø–∏—Å–∞–Ω–...

You may provide a definition with
\DeclareUnicodeCharacter 


! LaTeX Error: Unicode character –æ (U+043E)
               not set up for use with LaTeX.

See the LaTeX manual or LaTeX Companion for explanation.
Type  H <return>  for immediate help.
 ...                                              
                                                  
l.2 –û–¥–∏–Ω –∏–∑ –º–µ—Ç–æ–¥–æ
                              –≤ —Ä–µ—à–µ–Ω–∏—è –ø—Ä–æ–±–ª–µ–º –æ–ø–∏—Å–∞–Ω–...

You may provide a definition with
\DeclareUnicodeCharacter 


! LaTeX Error: Unicode character –≤ (U+0432)
               not set up for use with LaTeX.

See the LaTeX manual or LaTeX Companion for explanation.
Type  H <return>  for immediate help.
 ...                                              
                                                  
l.2 –û–¥–∏–Ω –∏–∑ –º–µ—Ç–æ–¥–æ–≤
                                 —Ä–µ—à–µ–Ω–∏—è –ø—Ä–æ–±–ª–µ–º –æ–ø–∏—Å–∞–Ω–...

You may provide a definition with
\DeclareUnicodeCharacter 


! LaTeX Error: Unicode character —Ä (U+0440)
               not set up for use with LaTeX.

See the LaTeX manual or LaTeX Companion for explanation.
Type  H <return>  for immediate help.
 ...                                              
                                                  
l.2 –û–¥–∏–Ω –∏–∑ –º–µ—Ç–æ–¥–æ–≤ —Ä
                                   –µ—à–µ–Ω–∏—è –ø—Ä–æ–±–ª–µ–º –æ–ø–∏—Å–∞–Ω–...

You may provide a definition with
\DeclareUnicodeCharacter 


! LaTeX Error: Unicode character –µ (U+0435)
               not set up for use with LaTeX.

See the LaTeX manual or LaTeX Companion for explanation.
Type  H <return>  for immediate help.
 ...                                              
                                                  
l.2 –û–¥–∏–Ω –∏–∑ –º–µ—Ç–æ–¥–æ–≤ —Ä–µ
                                     —à–µ–Ω–∏—è –ø—Ä–æ–±–ª–µ–º –æ–ø–∏—Å–∞–Ω–...

You may provide a definition with
\DeclareUnicodeCharacter 


! LaTeX Error: Unicode character —à (U+0448)
               not set up for use with LaTeX.

See the LaTeX manual or LaTeX Companion for explanation.
Type  H <return>  for immediate help.
 ...                                              
                                                  
l.2 –û–¥–∏–Ω –∏–∑ –º–µ—Ç–æ–¥–æ–≤ —Ä–µ—à
                                       –µ–Ω–∏—è –ø—Ä–æ–±–ª–µ–º –æ–ø–∏—Å–∞–Ω–...

You may provide a definition with
\DeclareUnicodeCharacter 


! LaTeX Error: Unicode character –µ (U+0435)
               not set up for use with LaTeX.

See the LaTeX manual or LaTeX Companion for explanation.
Type  H <return>  for immediate help.
 ...                                              
                                                  
l.2 –û–¥–∏–Ω –∏–∑ –º–µ—Ç–æ–¥–æ–≤ —Ä–µ—à–µ
                                         –Ω–∏—è –ø—Ä–æ–±–ª–µ–º –æ–ø–∏—Å–∞–Ω–...

You may provide a definition with
\DeclareUnicodeCharacter 


! LaTeX Error: Unicode character –Ω (U+043D)
               not set up for use with LaTeX.

See the LaTeX manual or LaTeX Companion for explanation.
Type  H <return>  for immediate help.
 ...                                              
                                                  
l.2 –û–¥–∏–Ω –∏–∑ –º–µ—Ç–æ–¥–æ–≤ —Ä–µ—à–µ–Ω
                                           –∏—è –ø—Ä–æ–±–ª–µ–º –æ–ø–∏—Å–∞–Ω–...

You may provide a definition with
\DeclareUnicodeCharacter 


! LaTeX Error: Unicode character –∏ (U+0438)
               not set up for use with LaTeX.

See the LaTeX manual or LaTeX Companion for explanation.
Type  H <return>  for immediate help.
 ...                                              
                                                  
l.2 –û–¥–∏–Ω –∏–∑ –º–µ—Ç–æ–¥–æ–≤ —Ä–µ—à–µ–Ω–∏
                                             —è –ø—Ä–æ–±–ª–µ–º –æ–ø–∏—Å–∞–Ω–...

You may provide a definition with
\DeclareUnicodeCharacter 


! LaTeX Error: Unicode character —è (U+044F)
               not set up for use with LaTeX.

See the LaTeX manual or LaTeX Companion for explanation.
Type  H <return>  for immediate help.
 ...                                              
                                                  
l.2 –û–¥–∏–Ω –∏–∑ –º–µ—Ç–æ–¥–æ–≤ —Ä–µ—à–µ–Ω–∏—è
                                                –ø—Ä–æ–±–ª–µ–º –æ–ø–∏—Å–∞–Ω–...

You may provide a definition with
\DeclareUnicodeCharacter 


! LaTeX Error: Unicode character –ø (U+043F)
               not set up for use with LaTeX.

See the LaTeX manual or LaTeX Companion for explanation.
Type  H <return>  for immediate help.
 ...                                              
                                                  
l.2 –û–¥–∏–Ω –∏–∑ –º–µ—Ç–æ–¥–æ–≤ —Ä–µ—à–µ–Ω–∏—è –ø
                                                  —Ä–æ–±–ª–µ–º –æ–ø–∏—Å–∞–Ω–...

You may provide a definition with
\DeclareUnicodeCharacter 


! LaTeX Error: Unicode character —Ä (U+0440)
               not set up for use with LaTeX.

See the LaTeX manual or LaTeX Companion for explanation.
Type  H <return>  for immediate help.
 ...                                              
                                                  
l.2 ...∏–Ω –∏–∑ –º–µ—Ç–æ–¥–æ–≤ —Ä–µ—à–µ–Ω–∏—è –ø—Ä
                                                  –æ–±–ª–µ–º –æ–ø–∏—Å–∞–Ω–Ω—...

You may provide a definition with
\DeclareUnicodeCharacter 


! LaTeX Error: Unicode character –æ (U+043E)
               not set up for use with LaTeX.

See the LaTeX manual or LaTeX Companion for explanation.
Type  H <return>  for immediate help.
 ...                                              
                                                  
l.2 ...Ω –∏–∑ –º–µ—Ç–æ–¥–æ–≤ —Ä–µ—à–µ–Ω–∏—è –ø—Ä–æ
                                                  –±–ª–µ–º –æ–ø–∏—Å–∞–Ω–Ω—ã—...

You may provide a definition with
\DeclareUnicodeCharacter 


! LaTeX Error: Unicode character –± (U+0431)
               not set up for use with LaTeX.

See the LaTeX manual or LaTeX Companion for explanation.
Type  H <return>  for immediate help.
 ...                                              
                                                  
l.2 ...–∏–∑ –º–µ—Ç–æ–¥–æ–≤ —Ä–µ—à–µ–Ω–∏—è –ø—Ä–æ–±
                                                  –ª–µ–º –æ–ø–∏—Å–∞–Ω–Ω—ã—Ö ...

You may provide a definition with
\DeclareUnicodeCharacter 


! LaTeX Error: Unicode character –ª (U+043B)
               not set up for use with LaTeX.

See the LaTeX manual or LaTeX Companion for explanation.
Type  H <return>  for immediate help.
 ...                                              
                                                  
l.2 ...–∑ –º–µ—Ç–æ–¥–æ–≤ —Ä–µ—à–µ–Ω–∏—è –ø—Ä–æ–±–ª
                                                  –µ–º –æ–ø–∏—Å–∞–Ω–Ω—ã—Ö –≤...

You may provide a definition with
\DeclareUnicodeCharacter 


! LaTeX Error: Unicode character –µ (U+0435)
               not set up for use with LaTeX.

See the LaTeX manual or LaTeX Companion for explanation.
Type  H <return>  for immediate help.
 ...                                              
                                                  
l.2 ... –º–µ—Ç–æ–¥–æ–≤ —Ä–µ—à–µ–Ω–∏—è –ø—Ä–æ–±–ª–µ
                                                  –º –æ–ø–∏—Å–∞–Ω–Ω—ã—Ö –≤ \...

You may provide a definition with
\DeclareUnicodeCharacter 


! LaTeX Error: Unicode character –º (U+043C)
               not set up for use with LaTeX.

See the LaTeX manual or LaTeX Companion for explanation.
Type  H <return>  for immediate help.
 ...                                              
                                                  
l.2 ...º–µ—Ç–æ–¥–æ–≤ —Ä–µ—à–µ–Ω–∏—è –ø—Ä–æ–±–ª–µ–º
                                                   –æ–ø–∏—Å–∞–Ω–Ω—ã—Ö –≤ \re...

You may provide a definition with
\DeclareUnicodeCharacter 


! LaTeX Error: Unicode character –æ (U+043E)
               not set up for use with LaTeX.

See the LaTeX manual or LaTeX Companion for explanation.
Type  H <return>  for immediate help.
 ...                                              
                                                  
l.2 ...—Ç–æ–¥–æ–≤ —Ä–µ—à–µ–Ω–∏—è –ø—Ä–æ–±–ª–µ–º –æ
                                                  –ø–∏—Å–∞–Ω–Ω—ã—Ö –≤ \ref{s...

You may provide a definition with
\DeclareUnicodeCharacter 


! LaTeX Error: Unicode character –ø (U+043F)
               not set up for use with LaTeX.

See the LaTeX manual or LaTeX Companion for explanation.
Type  H <return>  for immediate help.
 ...                                              
                                                  
l.2 ...–æ–¥–æ–≤ —Ä–µ—à–µ–Ω–∏—è –ø—Ä–æ–±–ª–µ–º –æ–ø
                                                  –∏—Å–∞–Ω–Ω—ã—Ö –≤ \ref{sec...

You may provide a definition with
\DeclareUnicodeCharacter 


! LaTeX Error: Unicode character –∏ (U+0438)
               not set up for use with LaTeX.

See the LaTeX manual or LaTeX Companion for explanation.
Type  H <return>  for immediate help.
 ...                                              
                                                  
l.2 ...–¥–æ–≤ —Ä–µ—à–µ–Ω–∏—è –ø—Ä–æ–±–ª–µ–º –æ–ø–∏
                                                  —Å–∞–Ω–Ω—ã—Ö –≤ \ref{sec:A...

You may provide a definition with
\DeclareUnicodeCharacter 


! LaTeX Error: Unicode character —Å (U+0441)
               not set up for use with LaTeX.

See the LaTeX manual or LaTeX Companion for explanation.
Type  H <return>  for immediate help.
 ...                                              
                                                  
l.2 ...–æ–≤ —Ä–µ—à–µ–Ω–∏—è –ø—Ä–æ–±–ª–µ–º –æ–ø–∏—Å
                                                  –∞–Ω–Ω—ã—Ö –≤ \ref{sec:ANN...

You may provide a definition with
\DeclareUnicodeCharacter 


! LaTeX Error: Unicode character –∞ (U+0430)
               not set up for use with LaTeX.

See the LaTeX manual or LaTeX Companion for explanation.
Type  H <return>  for immediate help.
 ...                                              
                                                  
l.2 ...–≤ —Ä–µ—à–µ–Ω–∏—è –ø—Ä–æ–±–ª–µ–º –æ–ø–∏—Å–∞
                                                  –Ω–Ω—ã—Ö –≤ \ref{sec:ANN} ...

You may provide a definition with
\DeclareUnicodeCharacter 


! LaTeX Error: Unicode character –Ω (U+043D)
               not set up for use with LaTeX.

See the LaTeX manual or LaTeX Companion for explanation.
Type  H <return>  for immediate help.
 ...                                              
                                                  
l.2 ... —Ä–µ—à–µ–Ω–∏—è –ø—Ä–æ–±–ª–µ–º –æ–ø–∏—Å–∞–Ω
                                                  –Ω—ã—Ö –≤ \ref{sec:ANN} - ...

You may provide a definition with
\DeclareUnicodeCharacter 


! LaTeX Error: Unicode character –Ω (U+043D)
               not set up for use with LaTeX.

See the LaTeX manual or LaTeX Companion for explanation.
Type  H <return>  for immediate help.
 ...                                              
                                                  
l.2 ...Ä–µ—à–µ–Ω–∏—è –ø—Ä–æ–±–ª–µ–º –æ–ø–∏—Å–∞–Ω–Ω
                                                  —ã—Ö –≤ \ref{sec:ANN} - —ç...

You may provide a definition with
\DeclareUnicodeCharacter 


! LaTeX Error: Unicode character —ã (U+044B)
               not set up for use with LaTeX.

See the LaTeX manual or LaTeX Companion for explanation.
Type  H <return>  for immediate help.
 ...                                              
                                                  
l.2 ...µ—à–µ–Ω–∏—è –ø—Ä–æ–±–ª–µ–º –æ–ø–∏—Å–∞–Ω–Ω—ã
                                                  —Ö –≤ \ref{sec:ANN} - —ç—Ç...

You may provide a definition with
\DeclareUnicodeCharacter 


! LaTeX Error: Unicode character —Ö (U+0445)
               not set up for use with LaTeX.

See the LaTeX manual or LaTeX Companion for explanation.
Type  H <return>  for immediate help.
 ...                                              
                                                  
l.2 ...à–µ–Ω–∏—è –ø—Ä–æ–±–ª–µ–º –æ–ø–∏—Å–∞–Ω–Ω—ã—Ö
                                                   –≤ \ref{sec:ANN} - —ç—Ç–æ...

You may provide a definition with
\DeclareUnicodeCharacter 


! LaTeX Error: Unicode character –≤ (U+0432)
               not set up for use with LaTeX.

See the LaTeX manual or LaTeX Companion for explanation.
Type  H <return>  for immediate help.
 ...                                              
                                                  
l.2 ...–Ω–∏—è –ø—Ä–æ–±–ª–µ–º –æ–ø–∏—Å–∞–Ω–Ω—ã—Ö –≤
                                                   \ref{sec:ANN} - —ç—Ç–æ –¥...

You may provide a definition with
\DeclareUnicodeCharacter 


! LaTeX Error: Missing \begin{document}.

See the LaTeX manual or LaTeX Companion for explanation.
Type  H <return>  for immediate help.
 ...                                              
                                                  
l.2 ...±–ª–µ–º –æ–ø–∏—Å–∞–Ω–Ω—ã—Ö –≤ \ref{sec:ANN}
                                                   - —ç—Ç–æ –¥–µ–ª–µ–≥–∏—Ä–æ...

You're in trouble here.  Try typing  <return>  to proceed.
If that doesn't work, type  X <return>  to quit.

! Undefined control sequence.
<write> ...: Reference `sec:ANN' on page \thepage 
                                                  \space undefined\on@line .
l.2 ...±–ª–µ–º –æ–ø–∏—Å–∞–Ω–Ω—ã—Ö –≤ \ref{sec:ANN}
                                                   - —ç—Ç–æ –¥–µ–ª–µ–≥–∏—Ä–æ...
The control sequence at the end of the top line
of your error message was never \def'ed. If you have
misspelled it (e.g., `\hobx'), type `I' and the correct
spelling (e.g., `I\hbox'). Otherwise just continue,
and I'll forget about whatever was undefined.


LaTeX Warning: Reference `sec:ANN' on page  undefined on input line 2.

Missing character: There is no - in font nullfont!

! LaTeX Error: Unicode character —ç (U+044D)
               not set up for use with LaTeX.

See the LaTeX manual or LaTeX Companion for explanation.
Type  H <return>  for immediate help.
 ...                                              
                                                  
l.2 ...–º –æ–ø–∏—Å–∞–Ω–Ω—ã—Ö –≤ \ref{sec:ANN} - —ç
                                                  —Ç–æ –¥–µ–ª–µ–≥–∏—Ä–æ–≤–∞–...

You may provide a definition with
\DeclareUnicodeCharacter 


! LaTeX Error: Unicode character —Ç (U+0442)
               not set up for use with LaTeX.

See the LaTeX manual or LaTeX Companion for explanation.
Type  H <return>  for immediate help.
 ...                                              
                                                  
l.2 ... –æ–ø–∏—Å–∞–Ω–Ω—ã—Ö –≤ \ref{sec:ANN} - —ç—Ç
                                                  –æ –¥–µ–ª–µ–≥–∏—Ä–æ–≤–∞–Ω–...

You may provide a definition with
\DeclareUnicodeCharacter 


! LaTeX Error: Unicode character –æ (U+043E)
               not set up for use with LaTeX.

See the LaTeX manual or LaTeX Companion for explanation.
Type  H <return>  for immediate help.
 ...                                              
                                                  
l.2 ...æ–ø–∏—Å–∞–Ω–Ω—ã—Ö –≤ \ref{sec:ANN} - —ç—Ç–æ
                                                   –¥–µ–ª–µ–≥–∏—Ä–æ–≤–∞–Ω–∏–...

You may provide a definition with
\DeclareUnicodeCharacter 


! LaTeX Error: Unicode character –¥ (U+0434)
               not set up for use with LaTeX.

See the LaTeX manual or LaTeX Companion for explanation.
Type  H <return>  for immediate help.
 ...                                              
                                                  
l.2 ...–∏—Å–∞–Ω–Ω—ã—Ö –≤ \ref{sec:ANN} - —ç—Ç–æ –¥
                                                  –µ–ª–µ–≥–∏—Ä–æ–≤–∞–Ω–∏–µ –...

You may provide a definition with
\DeclareUnicodeCharacter 


! LaTeX Error: Unicode character –µ (U+0435)
               not set up for use with LaTeX.

See the LaTeX manual or LaTeX Companion for explanation.
Type  H <return>  for immediate help.
 ...                                              
                                                  
l.2 ...—Å–∞–Ω–Ω—ã—Ö –≤ \ref{sec:ANN} - —ç—Ç–æ –¥–µ
                                                  –ª–µ–≥–∏—Ä–æ–≤–∞–Ω–∏–µ –æ—...

You may provide a definition with
\DeclareUnicodeCharacter 


! LaTeX Error: Unicode character –ª (U+043B)
               not set up for use with LaTeX.

See the LaTeX manual or LaTeX Companion for explanation.
Type  H <return>  for immediate help.
 ...                                              
                                                  
l.2 ...–∞–Ω–Ω—ã—Ö –≤ \ref{sec:ANN} - —ç—Ç–æ –¥–µ–ª
                                                  –µ–≥–∏—Ä–æ–≤–∞–Ω–∏–µ –æ—Ç–...

You may provide a definition with
\DeclareUnicodeCharacter 


! LaTeX Error: Unicode character –µ (U+0435)
               not set up for use with LaTeX.

See the LaTeX manual or LaTeX Companion for explanation.
Type  H <return>  for immediate help.
 ...                                              
                                                  
l.2 ...–Ω–Ω—ã—Ö –≤ \ref{sec:ANN} - —ç—Ç–æ –¥–µ–ª–µ
                                                  –≥–∏—Ä–æ–≤–∞–Ω–∏–µ –æ—Ç–¥–...

You may provide a definition with
\DeclareUnicodeCharacter 


! LaTeX Error: Unicode character –≥ (U+0433)
               not set up for use with LaTeX.

See the LaTeX manual or LaTeX Companion for explanation.
Type  H <return>  for immediate help.
 ...                                              
                                                  
l.2 ...–Ω—ã—Ö –≤ \ref{sec:ANN} - —ç—Ç–æ –¥–µ–ª–µ–≥
                                                  –∏—Ä–æ–≤–∞–Ω–∏–µ –æ—Ç–¥–µ–...

You may provide a definition with
\DeclareUnicodeCharacter 


! LaTeX Error: Unicode character –∏ (U+0438)
               not set up for use with LaTeX.

See the LaTeX manual or LaTeX Companion for explanation.
Type  H <return>  for immediate help.
 ...                                              
                                                  
l.2 ...—ã—Ö –≤ \ref{sec:ANN} - —ç—Ç–æ –¥–µ–ª–µ–≥–∏
                                                  —Ä–æ–≤–∞–Ω–∏–µ –æ—Ç–¥–µ–ª—...

You may provide a definition with
\DeclareUnicodeCharacter 


! LaTeX Error: Unicode character —Ä (U+0440)
               not set up for use with LaTeX.

See the LaTeX manual or LaTeX Companion for explanation.
Type  H <return>  for immediate help.
 ...                                              
                                                  
l.2 ...—Ö –≤ \ref{sec:ANN} - —ç—Ç–æ –¥–µ–ª–µ–≥–∏—Ä
                                                  –æ–≤–∞–Ω–∏–µ –æ—Ç–¥–µ–ª—å–...

You may provide a definition with
\DeclareUnicodeCharacter 


! LaTeX Error: Unicode character –æ (U+043E)
               not set up for use with LaTeX.

See the LaTeX manual or LaTeX Companion for explanation.
Type  H <return>  for immediate help.
 ...                                              
                                                  
l.2 ... –≤ \ref{sec:ANN} - —ç—Ç–æ –¥–µ–ª–µ–≥–∏—Ä–æ
                                                  –≤–∞–Ω–∏–µ –æ—Ç–¥–µ–ª—å–Ω—...

You may provide a definition with
\DeclareUnicodeCharacter 


! LaTeX Error: Unicode character –≤ (U+0432)
               not set up for use with LaTeX.

See the LaTeX manual or LaTeX Companion for explanation.
Type  H <return>  for immediate help.
 ...                                              
                                                  
l.2 ...≤ \ref{sec:ANN} - —ç—Ç–æ –¥–µ–ª–µ–≥–∏—Ä–æ–≤
                                                  –∞–Ω–∏–µ –æ—Ç–¥–µ–ª—å–Ω—ã—...

You may provide a definition with
\DeclareUnicodeCharacter 


! LaTeX Error: Unicode character –∞ (U+0430)
               not set up for use with LaTeX.

See the LaTeX manual or LaTeX Companion for explanation.
Type  H <return>  for immediate help.
 ...                                              
                                                  
l.2 ...\ref{sec:ANN} - —ç—Ç–æ –¥–µ–ª–µ–≥–∏—Ä–æ–≤–∞
                                                  –Ω–∏–µ –æ—Ç–¥–µ–ª—å–Ω—ã—Ö ...

You may provide a definition with
\DeclareUnicodeCharacter 


! LaTeX Error: Unicode character –Ω (U+043D)
               not set up for use with LaTeX.

See the LaTeX manual or LaTeX Companion for explanation.
Type  H <return>  for immediate help.
 ...                                              
                                                  
l.2 ...ef{sec:ANN} - —ç—Ç–æ –¥–µ–ª–µ–≥–∏—Ä–æ–≤–∞–Ω
                                                  –∏–µ –æ—Ç–¥–µ–ª—å–Ω—ã—Ö –∑...

You may provide a definition with
\DeclareUnicodeCharacter 


! LaTeX Error: Unicode character –∏ (U+0438)
               not set up for use with LaTeX.

See the LaTeX manual or LaTeX Companion for explanation.
Type  H <return>  for immediate help.
 ...                                              
                                                  
l.2 ...{sec:ANN} - —ç—Ç–æ –¥–µ–ª–µ–≥–∏—Ä–æ–≤–∞–Ω–∏
                                                  –µ –æ—Ç–¥–µ–ª—å–Ω—ã—Ö –∑–∞...

You may provide a definition with
\DeclareUnicodeCharacter 


! LaTeX Error: Unicode character –µ (U+0435)
               not set up for use with LaTeX.

See the LaTeX manual or LaTeX Companion for explanation.
Type  H <return>  for immediate help.
 ...                                              
                                                  
l.2 ...ec:ANN} - —ç—Ç–æ –¥–µ–ª–µ–≥–∏—Ä–æ–≤–∞–Ω–∏–µ
                                                   –æ—Ç–¥–µ–ª—å–Ω—ã—Ö –∑–∞–¥...

You may provide a definition with
\DeclareUnicodeCharacter 


! LaTeX Error: Unicode character –æ (U+043E)
               not set up for use with LaTeX.

See the LaTeX manual or LaTeX Companion for explanation.
Type  H <return>  for immediate help.
 ...                                              
                                                  
l.2 ...ANN} - —ç—Ç–æ –¥–µ–ª–µ–≥–∏—Ä–æ–≤–∞–Ω–∏–µ –æ
                                                  —Ç–¥–µ–ª—å–Ω—ã—Ö –∑–∞–¥–∞—...

You may provide a definition with
\DeclareUnicodeCharacter 


! LaTeX Error: Unicode character —Ç (U+0442)
               not set up for use with LaTeX.

See the LaTeX manual or LaTeX Companion for explanation.
Type  H <return>  for immediate help.
 ...                                              
                                                  
l.2 ...N} - —ç—Ç–æ –¥–µ–ª–µ–≥–∏—Ä–æ–≤–∞–Ω–∏–µ –æ—Ç
                                                  –¥–µ–ª—å–Ω—ã—Ö –∑–∞–¥–∞—á ...

You may provide a definition with
\DeclareUnicodeCharacter 


! LaTeX Error: Unicode character –¥ (U+0434)
               not set up for use with LaTeX.

See the LaTeX manual or LaTeX Companion for explanation.
Type  H <return>  for immediate help.
 ...                                              
                                                  
l.2 ... - —ç—Ç–æ –¥–µ–ª–µ–≥–∏—Ä–æ–≤–∞–Ω–∏–µ –æ—Ç–¥
                                                  –µ–ª—å–Ω—ã—Ö –∑–∞–¥–∞—á –æ...

You may provide a definition with
\DeclareUnicodeCharacter 


! LaTeX Error: Unicode character –µ (U+0435)
               not set up for use with LaTeX.

See the LaTeX manual or LaTeX Companion for explanation.
Type  H <return>  for immediate help.
 ...                                              
                                                  
l.2 ... —ç—Ç–æ –¥–µ–ª–µ–≥–∏—Ä–æ–≤–∞–Ω–∏–µ –æ—Ç–¥–µ
                                                  –ª—å–Ω—ã—Ö –∑–∞–¥–∞—á –æ—Ç...

You may provide a definition with
\DeclareUnicodeCharacter 


! LaTeX Error: Unicode character –ª (U+043B)
               not set up for use with LaTeX.

See the LaTeX manual or LaTeX Companion for explanation.
Type  H <return>  for immediate help.
 ...                                              
                                                  
l.2 ...ç—Ç–æ –¥–µ–ª–µ–≥–∏—Ä–æ–≤–∞–Ω–∏–µ –æ—Ç–¥–µ–ª
                                                  —å–Ω—ã—Ö –∑–∞–¥–∞—á –æ—Ç–¥...

You may provide a definition with
\DeclareUnicodeCharacter 


! LaTeX Error: Unicode character —å (U+044C)
               not set up for use with LaTeX.

See the LaTeX manual or LaTeX Companion for explanation.
Type  H <return>  for immediate help.
 ...                                              
                                                  
l.2 ...Ç–æ –¥–µ–ª–µ–≥–∏—Ä–æ–≤–∞–Ω–∏–µ –æ—Ç–¥–µ–ª—å
                                                  –Ω—ã—Ö –∑–∞–¥–∞—á –æ—Ç–¥–µ...

You may provide a definition with
\DeclareUnicodeCharacter 


! LaTeX Error: Unicode character –Ω (U+043D)
               not set up for use with LaTeX.

See the LaTeX manual or LaTeX Companion for explanation.
Type  H <return>  for immediate help.
 ...                                              
                                                  
l.2 ...æ –¥–µ–ª–µ–≥–∏—Ä–æ–≤–∞–Ω–∏–µ –æ—Ç–¥–µ–ª—å–Ω
                                                  —ã—Ö –∑–∞–¥–∞—á –æ—Ç–¥–µ–ª...

You may provide a definition with
\DeclareUnicodeCharacter 


! LaTeX Error: Unicode character —ã (U+044B)
               not set up for use with LaTeX.

See the LaTeX manual or LaTeX Companion for explanation.
Type  H <return>  for immediate help.
 ...                                              
                                                  
l.2 ...–¥–µ–ª–µ–≥–∏—Ä–æ–≤–∞–Ω–∏–µ –æ—Ç–¥–µ–ª—å–Ω—ã
                                                  —Ö –∑–∞–¥–∞—á –æ—Ç–¥–µ–ª—å...

You may provide a definition with
\DeclareUnicodeCharacter 


! LaTeX Error: Unicode character —Ö (U+0445)
               not set up for use with LaTeX.

See the LaTeX manual or LaTeX Companion for explanation.
Type  H <return>  for immediate help.
 ...                                              
                                                  
l.2 ...–µ–ª–µ–≥–∏—Ä–æ–≤–∞–Ω–∏–µ –æ—Ç–¥–µ–ª—å–Ω—ã—Ö
                                                   –∑–∞–¥–∞—á –æ—Ç–¥–µ–ª—å–Ω...

You may provide a definition with
\DeclareUnicodeCharacter 


! LaTeX Error: Unicode character –∑ (U+0437)
               not set up for use with LaTeX.

See the LaTeX manual or LaTeX Companion for explanation.
Type  H <return>  for immediate help.
 ...                                              
                                                  
l.2 ...ª–µ–≥–∏—Ä–æ–≤–∞–Ω–∏–µ –æ—Ç–¥–µ–ª—å–Ω—ã—Ö –∑
                                                  –∞–¥–∞—á –æ—Ç–¥–µ–ª—å–Ω—ã–...

You may provide a definition with
\DeclareUnicodeCharacter 


! LaTeX Error: Unicode character –∞ (U+0430)
               not set up for use with LaTeX.

See the LaTeX manual or LaTeX Companion for explanation.
Type  H <return>  for immediate help.
 ...                                              
                                                  
l.2 ...µ–≥–∏—Ä–æ–≤–∞–Ω–∏–µ –æ—Ç–¥–µ–ª—å–Ω—ã—Ö –∑–∞
                                                  –¥–∞—á –æ—Ç–¥–µ–ª—å–Ω—ã–º ...

You may provide a definition with
\DeclareUnicodeCharacter 


! LaTeX Error: Unicode character –¥ (U+0434)
               not set up for use with LaTeX.

See the LaTeX manual or LaTeX Companion for explanation.
Type  H <return>  for immediate help.
 ...                                              
                                                  
l.2 ...≥–∏—Ä–æ–≤–∞–Ω–∏–µ –æ—Ç–¥–µ–ª—å–Ω—ã—Ö –∑–∞–¥
                                                  –∞—á –æ—Ç–¥–µ–ª—å–Ω—ã–º –≤...

You may provide a definition with
\DeclareUnicodeCharacter 


! LaTeX Error: Unicode character –∞ (U+0430)
               not set up for use with LaTeX.

See the LaTeX manual or LaTeX Companion for explanation.
Type  H <return>  for immediate help.
 ...                                              
                                                  
l.2 ...∏—Ä–æ–≤–∞–Ω–∏–µ –æ—Ç–¥–µ–ª—å–Ω—ã—Ö –∑–∞–¥–∞
                                                  —á –æ—Ç–¥–µ–ª—å–Ω—ã–º –≤—ã...

You may provide a definition with
\DeclareUnicodeCharacter 


! LaTeX Error: Unicode character —á (U+0447)
               not set up for use with LaTeX.

See the LaTeX manual or LaTeX Companion for explanation.
Type  H <return>  for immediate help.
 ...                                              
                                                  
l.2 ...Ä–æ–≤–∞–Ω–∏–µ –æ—Ç–¥–µ–ª—å–Ω—ã—Ö –∑–∞–¥–∞—á
                                                   –æ—Ç–¥–µ–ª—å–Ω—ã–º –≤—ã—á...

You may provide a definition with
\DeclareUnicodeCharacter 


! LaTeX Error: Unicode character –æ (U+043E)
               not set up for use with LaTeX.

See the LaTeX manual or LaTeX Companion for explanation.
Type  H <return>  for immediate help.
 ...                                              
                                                  
l.2 ...–≤–∞–Ω–∏–µ –æ—Ç–¥–µ–ª—å–Ω—ã—Ö –∑–∞–¥–∞—á –æ
                                                  —Ç–¥–µ–ª—å–Ω—ã–º –≤—ã—á–∏—...

You may provide a definition with
\DeclareUnicodeCharacter 


! LaTeX Error: Unicode character —Ç (U+0442)
               not set up for use with LaTeX.

See the LaTeX manual or LaTeX Companion for explanation.
Type  H <return>  for immediate help.
 ...                                              
                                                  
l.2 ...–∞–Ω–∏–µ –æ—Ç–¥–µ–ª—å–Ω—ã—Ö –∑–∞–¥–∞—á –æ—Ç
                                                  –¥–µ–ª—å–Ω—ã–º –≤—ã—á–∏—Å–...

You may provide a definition with
\DeclareUnicodeCharacter 


! LaTeX Error: Unicode character –¥ (U+0434)
               not set up for use with LaTeX.

See the LaTeX manual or LaTeX Companion for explanation.
Type  H <return>  for immediate help.
 ...                                              
                                                  
l.2 ...–Ω–∏–µ –æ—Ç–¥–µ–ª—å–Ω—ã—Ö –∑–∞–¥–∞—á –æ—Ç–¥
                                                  –µ–ª—å–Ω—ã–º –≤—ã—á–∏—Å–ª–...

You may provide a definition with
\DeclareUnicodeCharacter 


! LaTeX Error: Unicode character –µ (U+0435)
               not set up for use with LaTeX.

See the LaTeX manual or LaTeX Companion for explanation.
Type  H <return>  for immediate help.
 ...                                              
                                                  
l.2 ...–∏–µ –æ—Ç–¥–µ–ª—å–Ω—ã—Ö –∑–∞–¥–∞—á –æ—Ç–¥–µ
                                                  –ª—å–Ω—ã–º –≤—ã—á–∏—Å–ª–∏—...

You may provide a definition with
\DeclareUnicodeCharacter 


! LaTeX Error: Unicode character –ª (U+043B)
               not set up for use with LaTeX.

See the LaTeX manual or LaTeX Companion for explanation.
Type  H <return>  for immediate help.
 ...                                              
                                                  
l.2 ...–µ –æ—Ç–¥–µ–ª—å–Ω—ã—Ö –∑–∞–¥–∞—á –æ—Ç–¥–µ–ª
                                                  —å–Ω—ã–º –≤—ã—á–∏—Å–ª–∏—Ç–...

You may provide a definition with
\DeclareUnicodeCharacter 


! LaTeX Error: Unicode character —å (U+044C)
               not set up for use with LaTeX.

See the LaTeX manual or LaTeX Companion for explanation.
Type  H <return>  for immediate help.
 ...                                              
                                                  
l.2 ... –æ—Ç–¥–µ–ª—å–Ω—ã—Ö –∑–∞–¥–∞—á –æ—Ç–¥–µ–ª—å
                                                  –Ω—ã–º –≤—ã—á–∏—Å–ª–∏—Ç–µ–...

You may provide a definition with
\DeclareUnicodeCharacter 


! LaTeX Error: Unicode character –Ω (U+043D)
               not set up for use with LaTeX.

See the LaTeX manual or LaTeX Companion for explanation.
Type  H <return>  for immediate help.
 ...                                              
                                                  
l.2 ...æ—Ç–¥–µ–ª—å–Ω—ã—Ö –∑–∞–¥–∞—á –æ—Ç–¥–µ–ª—å–Ω
                                                  —ã–º –≤—ã—á–∏—Å–ª–∏—Ç–µ–ª—...

You may provide a definition with
\DeclareUnicodeCharacter 


! LaTeX Error: Unicode character —ã (U+044B)
               not set up for use with LaTeX.

See the LaTeX manual or LaTeX Companion for explanation.
Type  H <return>  for immediate help.
 ...                                              
                                                  
l.2 ...Ç–¥–µ–ª—å–Ω—ã—Ö –∑–∞–¥–∞—á –æ—Ç–¥–µ–ª—å–Ω—ã
                                                  –º –≤—ã—á–∏—Å–ª–∏—Ç–µ–ª—å–...

You may provide a definition with
\DeclareUnicodeCharacter 


! LaTeX Error: Unicode character –º (U+043C)
               not set up for use with LaTeX.

See the LaTeX manual or LaTeX Companion for explanation.
Type  H <return>  for immediate help.
 ...                                              
                                                  
l.2 ...¥–µ–ª—å–Ω—ã—Ö –∑–∞–¥–∞—á –æ—Ç–¥–µ–ª—å–Ω—ã–º
                                                   –≤—ã—á–∏—Å–ª–∏—Ç–µ–ª—å–Ω—...

You may provide a definition with
\DeclareUnicodeCharacter 


! LaTeX Error: Unicode character –≤ (U+0432)
               not set up for use with LaTeX.

See the LaTeX manual or LaTeX Companion for explanation.
Type  H <return>  for immediate help.
 ...                                              
                                                  
l.2 ...–ª—å–Ω—ã—Ö –∑–∞–¥–∞—á –æ—Ç–¥–µ–ª—å–Ω—ã–º –≤
                                                  —ã—á–∏—Å–ª–∏—Ç–µ–ª—å–Ω—ã–º...

You may provide a definition with
\DeclareUnicodeCharacter 


! LaTeX Error: Unicode character —ã (U+044B)
               not set up for use with LaTeX.

See the LaTeX manual or LaTeX Companion for explanation.
Type  H <return>  for immediate help.
 ...                                              
                                                  
l.2 ...—å–Ω—ã—Ö –∑–∞–¥–∞—á –æ—Ç–¥–µ–ª—å–Ω—ã–º –≤—ã
                                                  —á–∏—Å–ª–∏—Ç–µ–ª—å–Ω—ã–º –...

You may provide a definition with
\DeclareUnicodeCharacter 


! LaTeX Error: Unicode character —á (U+0447)
               not set up for use with LaTeX.

See the LaTeX manual or LaTeX Companion for explanation.
Type  H <return>  for immediate help.
 ...                                              
                                                  
l.2 ...–Ω—ã—Ö –∑–∞–¥–∞—á –æ—Ç–¥–µ–ª—å–Ω—ã–º –≤—ã—á
                                                  –∏—Å–ª–∏—Ç–µ–ª—å–Ω—ã–º –µ–...

You may provide a definition with
\DeclareUnicodeCharacter 


! LaTeX Error: Unicode character –∏ (U+0438)
               not set up for use with LaTeX.

See the LaTeX manual or LaTeX Companion for explanation.
Type  H <return>  for immediate help.
 ...                                              
                                                  
l.2 ...—ã—Ö –∑–∞–¥–∞—á –æ—Ç–¥–µ–ª—å–Ω—ã–º –≤—ã—á–∏
                                                  —Å–ª–∏—Ç–µ–ª—å–Ω—ã–º –µ–¥–...

You may provide a definition with
\DeclareUnicodeCharacter 


! LaTeX Error: Unicode character —Å (U+0441)
               not set up for use with LaTeX.

See the LaTeX manual or LaTeX Companion for explanation.
Type  H <return>  for immediate help.
 ...                                              
                                                  
l.2 ...—Ö –∑–∞–¥–∞—á –æ—Ç–¥–µ–ª—å–Ω—ã–º –≤—ã—á–∏—Å
                                                  –ª–∏—Ç–µ–ª—å–Ω—ã–º –µ–¥–∏–...

You may provide a definition with
\DeclareUnicodeCharacter 


! LaTeX Error: Unicode character –ª (U+043B)
               not set up for use with LaTeX.

See the LaTeX manual or LaTeX Companion for explanation.
Type  H <return>  for immediate help.
 ...                                              
                                                  
l.2 ... –∑–∞–¥–∞—á –æ—Ç–¥–µ–ª—å–Ω—ã–º –≤—ã—á–∏—Å–ª
                                                  –∏—Ç–µ–ª—å–Ω—ã–º –µ–¥–∏–Ω–...

You may provide a definition with
\DeclareUnicodeCharacter 


! LaTeX Error: Unicode character –∏ (U+0438)
               not set up for use with LaTeX.

See the LaTeX manual or LaTeX Companion for explanation.
Type  H <return>  for immediate help.
 ...                                              
                                                  
l.2 ...∑–∞–¥–∞—á –æ—Ç–¥–µ–ª—å–Ω—ã–º –≤—ã—á–∏—Å–ª–∏
                                                  —Ç–µ–ª—å–Ω—ã–º –µ–¥–∏–Ω–∏—...

You may provide a definition with
\DeclareUnicodeCharacter 


! LaTeX Error: Unicode character —Ç (U+0442)
               not set up for use with LaTeX.

See the LaTeX manual or LaTeX Companion for explanation.
Type  H <return>  for immediate help.
 ...                                              
                                                  
l.2 ...∞–¥–∞—á –æ—Ç–¥–µ–ª—å–Ω—ã–º –≤—ã—á–∏—Å–ª–∏—Ç
                                                  –µ–ª—å–Ω—ã–º –µ–¥–∏–Ω–∏—Ü–...

You may provide a definition with
\DeclareUnicodeCharacter 


! LaTeX Error: Unicode character –µ (U+0435)
               not set up for use with LaTeX.

See the LaTeX manual or LaTeX Companion for explanation.
Type  H <return>  for immediate help.
 ...                                              
                                                  
l.2 ...¥–∞—á –æ—Ç–¥–µ–ª—å–Ω—ã–º –≤—ã—á–∏—Å–ª–∏—Ç–µ
                                                  –ª—å–Ω—ã–º –µ–¥–∏–Ω–∏—Ü–∞–...

You may provide a definition with
\DeclareUnicodeCharacter 


! LaTeX Error: Unicode character –ª (U+043B)
               not set up for use with LaTeX.

See the LaTeX manual or LaTeX Companion for explanation.
Type  H <return>  for immediate help.
 ...                                              
                                                  
l.2 ...∞—á –æ—Ç–¥–µ–ª—å–Ω—ã–º –≤—ã—á–∏—Å–ª–∏—Ç–µ–ª
                                                  —å–Ω—ã–º –µ–¥–∏–Ω–∏—Ü–∞–º....

You may provide a definition with
\DeclareUnicodeCharacter 


! LaTeX Error: Unicode character —å (U+044C)
               not set up for use with LaTeX.

See the LaTeX manual or LaTeX Companion for explanation.
Type  H <return>  for immediate help.
 ...                                              
                                                  
l.2 ...á –æ—Ç–¥–µ–ª—å–Ω—ã–º –≤—ã—á–∏—Å–ª–∏—Ç–µ–ª—å
                                                  –Ω—ã–º –µ–¥–∏–Ω–∏—Ü–∞–º. –...

You may provide a definition with
\DeclareUnicodeCharacter 


! LaTeX Error: Unicode character –Ω (U+043D)
               not set up for use with LaTeX.

See the LaTeX manual or LaTeX Companion for explanation.
Type  H <return>  for immediate help.
 ...                                              
                                                  
l.2 ...–æ—Ç–¥–µ–ª—å–Ω—ã–º –≤—ã—á–∏—Å–ª–∏—Ç–µ–ª—å–Ω
                                                  —ã–º –µ–¥–∏–Ω–∏—Ü–∞–º. –ö–...

You may provide a definition with
\DeclareUnicodeCharacter 


! LaTeX Error: Unicode character —ã (U+044B)
               not set up for use with LaTeX.

See the LaTeX manual or LaTeX Companion for explanation.
Type  H <return>  for immediate help.
 ...                                              
                                                  
l.2 ...—Ç–¥–µ–ª—å–Ω—ã–º –≤—ã—á–∏—Å–ª–∏—Ç–µ–ª—å–Ω—ã
                                                  –º –µ–¥–∏–Ω–∏—Ü–∞–º. –ö–∞–...

You may provide a definition with
\DeclareUnicodeCharacter 


! LaTeX Error: Unicode character –º (U+043C)
               not set up for use with LaTeX.

See the LaTeX manual or LaTeX Companion for explanation.
Type  H <return>  for immediate help.
 ...                                              
                                                  
l.2 ...–¥–µ–ª—å–Ω—ã–º –≤—ã—á–∏—Å–ª–∏—Ç–µ–ª—å–Ω—ã–º
                                                   –µ–¥–∏–Ω–∏—Ü–∞–º. –ö–∞–∫ ...

You may provide a definition with
\DeclareUnicodeCharacter 


! LaTeX Error: Unicode character –µ (U+0435)
               not set up for use with LaTeX.

See the LaTeX manual or LaTeX Companion for explanation.
Type  H <return>  for immediate help.
 ...                                              
                                                  
l.2 ...µ–ª—å–Ω—ã–º –≤—ã—á–∏—Å–ª–∏—Ç–µ–ª—å–Ω—ã–º –µ
                                                  –¥–∏–Ω–∏—Ü–∞–º. –ö–∞–∫ –ø—...

You may provide a definition with
\DeclareUnicodeCharacter 


! LaTeX Error: Unicode character –¥ (U+0434)
               not set up for use with LaTeX.

See the LaTeX manual or LaTeX Companion for explanation.
Type  H <return>  for immediate help.
 ...                                              
                                                  
l.2 ...ª—å–Ω—ã–º –≤—ã—á–∏—Å–ª–∏—Ç–µ–ª—å–Ω—ã–º –µ–¥
                                                  –∏–Ω–∏—Ü–∞–º. –ö–∞–∫ –ø—Ä–...

You may provide a definition with
\DeclareUnicodeCharacter 


! LaTeX Error: Unicode character –∏ (U+0438)
               not set up for use with LaTeX.

See the LaTeX manual or LaTeX Companion for explanation.
Type  H <return>  for immediate help.
 ...                                              
                                                  
l.2 ...å–Ω—ã–º –≤—ã—á–∏—Å–ª–∏—Ç–µ–ª—å–Ω—ã–º –µ–¥–∏
                                                  –Ω–∏—Ü–∞–º. –ö–∞–∫ –ø—Ä–∞–...

You may provide a definition with
\DeclareUnicodeCharacter 


! LaTeX Error: Unicode character –Ω (U+043D)
               not set up for use with LaTeX.

See the LaTeX manual or LaTeX Companion for explanation.
Type  H <return>  for immediate help.
 ...                                              
                                                  
l.2 ...Ω—ã–º –≤—ã—á–∏—Å–ª–∏—Ç–µ–ª—å–Ω—ã–º –µ–¥–∏–Ω
                                                  –∏—Ü–∞–º. –ö–∞–∫ –ø—Ä–∞–≤–...

You may provide a definition with
\DeclareUnicodeCharacter 


! LaTeX Error: Unicode character –∏ (U+0438)
               not set up for use with LaTeX.

See the LaTeX manual or LaTeX Companion for explanation.
Type  H <return>  for immediate help.
 ...                                              
                                                  
l.2 ...ã–º –≤—ã—á–∏—Å–ª–∏—Ç–µ–ª—å–Ω—ã–º –µ–¥–∏–Ω–∏
                                                  —Ü–∞–º. –ö–∞–∫ –ø—Ä–∞–≤–∏–...

You may provide a definition with
\DeclareUnicodeCharacter 


! LaTeX Error: Unicode character —Ü (U+0446)
               not set up for use with LaTeX.

See the LaTeX manual or LaTeX Companion for explanation.
Type  H <return>  for immediate help.
 ...                                              
                                                  
l.2 ...º –≤—ã—á–∏—Å–ª–∏—Ç–µ–ª—å–Ω—ã–º –µ–¥–∏–Ω–∏—Ü
                                                  –∞–º. –ö–∞–∫ –ø—Ä–∞–≤–∏–ª–...

You may provide a definition with
\DeclareUnicodeCharacter 


! LaTeX Error: Unicode character –∞ (U+0430)
               not set up for use with LaTeX.

See the LaTeX manual or LaTeX Companion for explanation.
Type  H <return>  for immediate help.
 ...                                              
                                                  
l.2 ...–≤—ã—á–∏—Å–ª–∏—Ç–µ–ª—å–Ω—ã–º –µ–¥–∏–Ω–∏—Ü–∞
                                                  –º. –ö–∞–∫ –ø—Ä–∞–≤–∏–ª–æ,...

You may provide a definition with
\DeclareUnicodeCharacter 


! LaTeX Error: Unicode character –º (U+043C)
               not set up for use with LaTeX.

See the LaTeX manual or LaTeX Companion for explanation.
Type  H <return>  for immediate help.
 ...                                              
                                                  
l.2 ...—ã—á–∏—Å–ª–∏—Ç–µ–ª—å–Ω—ã–º –µ–¥–∏–Ω–∏—Ü–∞–º
                                                  . –ö–∞–∫ –ø—Ä–∞–≤–∏–ª–æ, –...

You may provide a definition with
\DeclareUnicodeCharacter 

Missing character: There is no . in font nullfont!

! LaTeX Error: Unicode character –ö (U+041A)
               not set up for use with LaTeX.

See the LaTeX manual or LaTeX Companion for explanation.
Type  H <return>  for immediate help.
 ...                                              
                                                  
l.2 ...–∏—Å–ª–∏—Ç–µ–ª—å–Ω—ã–º –µ–¥–∏–Ω–∏—Ü–∞–º. –ö
                                                  –∞–∫ –ø—Ä–∞–≤–∏–ª–æ, –ø–æ–...

You may provide a definition with
\DeclareUnicodeCharacter 


! LaTeX Error: Unicode character –∞ (U+0430)
               not set up for use with LaTeX.

See the LaTeX manual or LaTeX Companion for explanation.
Type  H <return>  for immediate help.
 ...                                              
                                                  
l.2 ...—Å–ª–∏—Ç–µ–ª—å–Ω—ã–º –µ–¥–∏–Ω–∏—Ü–∞–º. –ö–∞
                                                  –∫ –ø—Ä–∞–≤–∏–ª–æ, –ø–æ–¥–...

You may provide a definition with
\DeclareUnicodeCharacter 


! LaTeX Error: Unicode character –∫ (U+043A)
               not set up for use with LaTeX.

See the LaTeX manual or LaTeX Companion for explanation.
Type  H <return>  for immediate help.
 ...                                              
                                                  
l.2 ...–ª–∏—Ç–µ–ª—å–Ω—ã–º –µ–¥–∏–Ω–∏—Ü–∞–º. –ö–∞–∫
                                                   –ø—Ä–∞–≤–∏–ª–æ, –ø–æ–¥–æ–...

You may provide a definition with
\DeclareUnicodeCharacter 


! LaTeX Error: Unicode character –ø (U+043F)
               not set up for use with LaTeX.

See the LaTeX manual or LaTeX Companion for explanation.
Type  H <return>  for immediate help.
 ...                                              
                                                  
l.2 ...∏—Ç–µ–ª—å–Ω—ã–º –µ–¥–∏–Ω–∏—Ü–∞–º. –ö–∞–∫ –ø
                                                  —Ä–∞–≤–∏–ª–æ, –ø–æ–¥–æ–±–Ω...

You may provide a definition with
\DeclareUnicodeCharacter 


! LaTeX Error: Unicode character —Ä (U+0440)
               not set up for use with LaTeX.

See the LaTeX manual or LaTeX Companion for explanation.
Type  H <return>  for immediate help.
 ...                                              
                                                  
l.2 ...Ç–µ–ª—å–Ω—ã–º –µ–¥–∏–Ω–∏—Ü–∞–º. –ö–∞–∫ –ø—Ä
                                                  –∞–≤–∏–ª–æ, –ø–æ–¥–æ–±–Ω—ã...

You may provide a definition with
\DeclareUnicodeCharacter 


! LaTeX Error: Unicode character –∞ (U+0430)
               not set up for use with LaTeX.

See the LaTeX manual or LaTeX Companion for explanation.
Type  H <return>  for immediate help.
 ...                                              
                                                  
l.2 ...µ–ª—å–Ω—ã–º –µ–¥–∏–Ω–∏—Ü–∞–º. –ö–∞–∫ –ø—Ä–∞
                                                  –≤–∏–ª–æ, –ø–æ–¥–æ–±–Ω—ã–µ...

You may provide a definition with
\DeclareUnicodeCharacter 


! LaTeX Error: Unicode character –≤ (U+0432)
               not set up for use with LaTeX.

See the LaTeX manual or LaTeX Companion for explanation.
Type  H <return>  for immediate help.
 ...                                              
                                                  
l.2 ...ª—å–Ω—ã–º –µ–¥–∏–Ω–∏—Ü–∞–º. –ö–∞–∫ –ø—Ä–∞–≤
                                                  –∏–ª–æ, –ø–æ–¥–æ–±–Ω—ã–µ –...

You may provide a definition with
\DeclareUnicodeCharacter 


! LaTeX Error: Unicode character –∏ (U+0438)
               not set up for use with LaTeX.

See the LaTeX manual or LaTeX Companion for explanation.
Type  H <return>  for immediate help.
 ...                                              
                                                  
l.2 ...å–Ω—ã–º –µ–¥–∏–Ω–∏—Ü–∞–º. –ö–∞–∫ –ø—Ä–∞–≤–∏
                                                  –ª–æ, –ø–æ–¥–æ–±–Ω—ã–µ –≤—...

You may provide a definition with
\DeclareUnicodeCharacter 


! LaTeX Error: Unicode character –ª (U+043B)
               not set up for use with LaTeX.

See the LaTeX manual or LaTeX Companion for explanation.
Type  H <return>  for immediate help.
 ...                                              
                                                  
l.2 ...Ω—ã–º –µ–¥–∏–Ω–∏—Ü–∞–º. –ö–∞–∫ –ø—Ä–∞–≤–∏–ª
                                                  –æ, –ø–æ–¥–æ–±–Ω—ã–µ –≤—ã—...

You may provide a definition with
\DeclareUnicodeCharacter 


! LaTeX Error: Unicode character –æ (U+043E)
               not set up for use with LaTeX.

See the LaTeX manual or LaTeX Companion for explanation.
Type  H <return>  for immediate help.
 ...                                              
                                                  
l.2 ...ã–º –µ–¥–∏–Ω–∏—Ü–∞–º. –ö–∞–∫ –ø—Ä–∞–≤–∏–ª–æ
                                                  , –ø–æ–¥–æ–±–Ω—ã–µ –≤—ã—á–...

You may provide a definition with
\DeclareUnicodeCharacter 

Missing character: There is no , in font nullfont!

! LaTeX Error: Unicode character –ø (U+043F)
               not set up for use with LaTeX.

See the LaTeX manual or LaTeX Companion for explanation.
Type  H <return>  for immediate help.
 ...                                              
                                                  
l.2 ...–µ–¥–∏–Ω–∏—Ü–∞–º. –ö–∞–∫ –ø—Ä–∞–≤–∏–ª–æ, –ø
                                                  –æ–¥–æ–±–Ω—ã–µ –≤—ã—á–∏—Å–...

You may provide a definition with
\DeclareUnicodeCharacter 


! LaTeX Error: Unicode character –æ (U+043E)
               not set up for use with LaTeX.

See the LaTeX manual or LaTeX Companion for explanation.
Type  H <return>  for immediate help.
 ...                                              
                                                  
l.2 ...–¥–∏–Ω–∏—Ü–∞–º. –ö–∞–∫ –ø—Ä–∞–≤–∏–ª–æ, –ø–æ
                                                  –¥–æ–±–Ω—ã–µ –≤—ã—á–∏—Å–ª–...

You may provide a definition with
\DeclareUnicodeCharacter 


! LaTeX Error: Unicode character –¥ (U+0434)
               not set up for use with LaTeX.

See the LaTeX manual or LaTeX Companion for explanation.
Type  H <return>  for immediate help.
 ...                                              
                                                  
l.2 ...–∏–Ω–∏—Ü–∞–º. –ö–∞–∫ –ø—Ä–∞–≤–∏–ª–æ, –ø–æ–¥
                                                  –æ–±–Ω—ã–µ –≤—ã—á–∏—Å–ª–∏—...

You may provide a definition with
\DeclareUnicodeCharacter 


! LaTeX Error: Unicode character –æ (U+043E)
               not set up for use with LaTeX.

See the LaTeX manual or LaTeX Companion for explanation.
Type  H <return>  for immediate help.
 ...                                              
                                                  
l.2 ...–Ω–∏—Ü–∞–º. –ö–∞–∫ –ø—Ä–∞–≤–∏–ª–æ, –ø–æ–¥–æ
                                                  –±–Ω—ã–µ –≤—ã—á–∏—Å–ª–∏—Ç–...

You may provide a definition with
\DeclareUnicodeCharacter 


! LaTeX Error: Unicode character –± (U+0431)
               not set up for use with LaTeX.

See the LaTeX manual or LaTeX Companion for explanation.
Type  H <return>  for immediate help.
 ...                                              
                                                  
l.2 ...–∏—Ü–∞–º. –ö–∞–∫ –ø—Ä–∞–≤–∏–ª–æ, –ø–æ–¥–æ–±
                                                  –Ω—ã–µ –≤—ã—á–∏—Å–ª–∏—Ç–µ–...

You may provide a definition with
\DeclareUnicodeCharacter 


! LaTeX Error: Unicode character –Ω (U+043D)
               not set up for use with LaTeX.

See the LaTeX manual or LaTeX Companion for explanation.
Type  H <return>  for immediate help.
 ...                                              
                                                  
l.2 ...—Ü–∞–º. –ö–∞–∫ –ø—Ä–∞–≤–∏–ª–æ, –ø–æ–¥–æ–±–Ω
                                                  —ã–µ –≤—ã—á–∏—Å–ª–∏—Ç–µ–ª—...

You may provide a definition with
\DeclareUnicodeCharacter 


! LaTeX Error: Unicode character —ã (U+044B)
               not set up for use with LaTeX.

See the LaTeX manual or LaTeX Companion for explanation.
Type  H <return>  for immediate help.
 ...                                              
                                                  
l.2 ...–∞–º. –ö–∞–∫ –ø—Ä–∞–≤–∏–ª–æ, –ø–æ–¥–æ–±–Ω—ã
                                                  –µ –≤—ã—á–∏—Å–ª–∏—Ç–µ–ª—å–...

You may provide a definition with
\DeclareUnicodeCharacter 


! LaTeX Error: Unicode character –µ (U+0435)
               not set up for use with LaTeX.

See the LaTeX manual or LaTeX Companion for explanation.
Type  H <return>  for immediate help.
 ...                                              
                                                  
l.2 ...–º. –ö–∞–∫ –ø—Ä–∞–≤–∏–ª–æ, –ø–æ–¥–æ–±–Ω—ã–µ
                                                   –≤—ã—á–∏—Å–ª–∏—Ç–µ–ª—å–Ω—...

You may provide a definition with
\DeclareUnicodeCharacter 


! LaTeX Error: Unicode character –≤ (U+0432)
               not set up for use with LaTeX.

See the LaTeX manual or LaTeX Companion for explanation.
Type  H <return>  for immediate help.
 ...                                              
                                                  
l.2 ... –ö–∞–∫ –ø—Ä–∞–≤–∏–ª–æ, –ø–æ–¥–æ–±–Ω—ã–µ –≤
                                                  —ã—á–∏—Å–ª–∏—Ç–µ–ª—å–Ω—ã–µ...

You may provide a definition with
\DeclareUnicodeCharacter 


! LaTeX Error: Unicode character —ã (U+044B)
               not set up for use with LaTeX.

See the LaTeX manual or LaTeX Companion for explanation.
Type  H <return>  for immediate help.
 ...                                              
                                                  
l.2 ...ö–∞–∫ –ø—Ä–∞–≤–∏–ª–æ, –ø–æ–¥–æ–±–Ω—ã–µ –≤—ã
                                                  —á–∏—Å–ª–∏—Ç–µ–ª—å–Ω—ã–µ –...

You may provide a definition with
\DeclareUnicodeCharacter 


! LaTeX Error: Unicode character —á (U+0447)
               not set up for use with LaTeX.

See the LaTeX manual or LaTeX Companion for explanation.
Type  H <return>  for immediate help.
 ...                                              
                                                  
l.2 ...∞–∫ –ø—Ä–∞–≤–∏–ª–æ, –ø–æ–¥–æ–±–Ω—ã–µ –≤—ã—á
                                                  –∏—Å–ª–∏—Ç–µ–ª—å–Ω—ã–µ –µ–...

You may provide a definition with
\DeclareUnicodeCharacter 


! LaTeX Error: Unicode character –∏ (U+0438)
               not set up for use with LaTeX.

See the LaTeX manual or LaTeX Companion for explanation.
Type  H <return>  for immediate help.
 ...                                              
                                                  
l.2 ...∫ –ø—Ä–∞–≤–∏–ª–æ, –ø–æ–¥–æ–±–Ω—ã–µ –≤—ã—á–∏
                                                  —Å–ª–∏—Ç–µ–ª—å–Ω—ã–µ –µ–¥–...

You may provide a definition with
\DeclareUnicodeCharacter 


! LaTeX Error: Unicode character —Å (U+0441)
               not set up for use with LaTeX.

See the LaTeX manual or LaTeX Companion for explanation.
Type  H <return>  for immediate help.
 ...                                              
                                                  
l.2 ...–ø—Ä–∞–≤–∏–ª–æ, –ø–æ–¥–æ–±–Ω—ã–µ –≤—ã—á–∏—Å
                                                  –ª–∏—Ç–µ–ª—å–Ω—ã–µ –µ–¥–∏–...

You may provide a definition with
\DeclareUnicodeCharacter 


! LaTeX Error: Unicode character –ª (U+043B)
               not set up for use with LaTeX.

See the LaTeX manual or LaTeX Companion for explanation.
Type  H <return>  for immediate help.
 ...                                              
                                                  
l.2 ...—Ä–∞–≤–∏–ª–æ, –ø–æ–¥–æ–±–Ω—ã–µ –≤—ã—á–∏—Å–ª
                                                  –∏—Ç–µ–ª—å–Ω—ã–µ –µ–¥–∏–Ω–...

You may provide a definition with
\DeclareUnicodeCharacter 


! LaTeX Error: Unicode character –∏ (U+0438)
               not set up for use with LaTeX.

See the LaTeX manual or LaTeX Companion for explanation.
Type  H <return>  for immediate help.
 ...                                              
                                                  
l.2 ...–∞–≤–∏–ª–æ, –ø–æ–¥–æ–±–Ω—ã–µ –≤—ã—á–∏—Å–ª–∏
                                                  —Ç–µ–ª—å–Ω—ã–µ –µ–¥–∏–Ω–∏—...

You may provide a definition with
\DeclareUnicodeCharacter 


! LaTeX Error: Unicode character —Ç (U+0442)
               not set up for use with LaTeX.

See the LaTeX manual or LaTeX Companion for explanation.
Type  H <return>  for immediate help.
 ...                                              
                                                  
l.2 ...–≤–∏–ª–æ, –ø–æ–¥–æ–±–Ω—ã–µ –≤—ã—á–∏—Å–ª–∏—Ç
                                                  –µ–ª—å–Ω—ã–µ –µ–¥–∏–Ω–∏—Ü—...

You may provide a definition with
\DeclareUnicodeCharacter 


! LaTeX Error: Unicode character –µ (U+0435)
               not set up for use with LaTeX.

See the LaTeX manual or LaTeX Companion for explanation.
Type  H <return>  for immediate help.
 ...                                              
                                                  
l.2 ...–∏–ª–æ, –ø–æ–¥–æ–±–Ω—ã–µ –≤—ã—á–∏—Å–ª–∏—Ç–µ
                                                  –ª—å–Ω—ã–µ –µ–¥–∏–Ω–∏—Ü—ã ...

You may provide a definition with
\DeclareUnicodeCharacter 


! LaTeX Error: Unicode character –ª (U+043B)
               not set up for use with LaTeX.

See the LaTeX manual or LaTeX Companion for explanation.
Type  H <return>  for immediate help.
 ...                                              
                                                  
l.2 ...–ª–æ, –ø–æ–¥–æ–±–Ω—ã–µ –≤—ã—á–∏—Å–ª–∏—Ç–µ–ª
                                                  —å–Ω—ã–µ –µ–¥–∏–Ω–∏—Ü—ã –Ω...

You may provide a definition with
\DeclareUnicodeCharacter 


! LaTeX Error: Unicode character —å (U+044C)
               not set up for use with LaTeX.

See the LaTeX manual or LaTeX Companion for explanation.
Type  H <return>  for immediate help.
 ...                                              
                                                  
l.2 ...–æ, –ø–æ–¥–æ–±–Ω—ã–µ –≤—ã—á–∏—Å–ª–∏—Ç–µ–ª—å
                                                  –Ω—ã–µ –µ–¥–∏–Ω–∏—Ü—ã –Ω–∞...

You may provide a definition with
\DeclareUnicodeCharacter 


! LaTeX Error: Unicode character –Ω (U+043D)
               not set up for use with LaTeX.

See the LaTeX manual or LaTeX Companion for explanation.
Type  H <return>  for immediate help.
 ...                                              
                                                  
l.2 ..., –ø–æ–¥–æ–±–Ω—ã–µ –≤—ã—á–∏—Å–ª–∏—Ç–µ–ª—å–Ω
                                                  —ã–µ –µ–¥–∏–Ω–∏—Ü—ã –Ω–∞–ø...

You may provide a definition with
\DeclareUnicodeCharacter 


! LaTeX Error: Unicode character —ã (U+044B)
               not set up for use with LaTeX.

See the LaTeX manual or LaTeX Companion for explanation.
Type  H <return>  for immediate help.
 ...                                              
                                                  
l.2 ...–ø–æ–¥–æ–±–Ω—ã–µ –≤—ã—á–∏—Å–ª–∏—Ç–µ–ª—å–Ω—ã
                                                  –µ –µ–¥–∏–Ω–∏—Ü—ã –Ω–∞–ø—Ä...

You may provide a definition with
\DeclareUnicodeCharacter 


! LaTeX Error: Unicode character –µ (U+0435)
               not set up for use with LaTeX.

See the LaTeX manual or LaTeX Companion for explanation.
Type  H <return>  for immediate help.
 ...                                              
                                                  
l.2 ...–æ–¥–æ–±–Ω—ã–µ –≤—ã—á–∏—Å–ª–∏—Ç–µ–ª—å–Ω—ã–µ
                                                   –µ–¥–∏–Ω–∏—Ü—ã –Ω–∞–ø—Ä–∞...

You may provide a definition with
\DeclareUnicodeCharacter 


! LaTeX Error: Unicode character –µ (U+0435)
               not set up for use with LaTeX.

See the LaTeX manual or LaTeX Companion for explanation.
Type  H <return>  for immediate help.
 ...                                              
                                                  
l.2 ...¥–æ–±–Ω—ã–µ –≤—ã—á–∏—Å–ª–∏—Ç–µ–ª—å–Ω—ã–µ –µ
                                                  –¥–∏–Ω–∏—Ü—ã –Ω–∞–ø—Ä–∞–≤–...

You may provide a definition with
\DeclareUnicodeCharacter 


! LaTeX Error: Unicode character –¥ (U+0434)
               not set up for use with LaTeX.

See the LaTeX manual or LaTeX Companion for explanation.
Type  H <return>  for immediate help.
 ...                                              
                                                  
l.2 ...æ–±–Ω—ã–µ –≤—ã—á–∏—Å–ª–∏—Ç–µ–ª—å–Ω—ã–µ –µ–¥
                                                  –∏–Ω–∏—Ü—ã –Ω–∞–ø—Ä–∞–≤–ª–...

You may provide a definition with
\DeclareUnicodeCharacter 


! LaTeX Error: Unicode character –∏ (U+0438)
               not set up for use with LaTeX.

See the LaTeX manual or LaTeX Companion for explanation.
Type  H <return>  for immediate help.
 ...                                              
                                                  
l.2 ...±–Ω—ã–µ –≤—ã—á–∏—Å–ª–∏—Ç–µ–ª—å–Ω—ã–µ –µ–¥–∏
                                                  –Ω–∏—Ü—ã –Ω–∞–ø—Ä–∞–≤–ª–µ–...

You may provide a definition with
\DeclareUnicodeCharacter 


! LaTeX Error: Unicode character –Ω (U+043D)
               not set up for use with LaTeX.

See the LaTeX manual or LaTeX Companion for explanation.
Type  H <return>  for immediate help.
 ...                                              
                                                  
l.2 ...Ω—ã–µ –≤—ã—á–∏—Å–ª–∏—Ç–µ–ª—å–Ω—ã–µ –µ–¥–∏–Ω
                                                  –∏—Ü—ã –Ω–∞–ø—Ä–∞–≤–ª–µ–Ω—...

You may provide a definition with
\DeclareUnicodeCharacter 


! LaTeX Error: Unicode character –∏ (U+0438)
               not set up for use with LaTeX.

See the LaTeX manual or LaTeX Companion for explanation.
Type  H <return>  for immediate help.
 ...                                              
                                                  
l.2 ...ã–µ –≤—ã—á–∏—Å–ª–∏—Ç–µ–ª—å–Ω—ã–µ –µ–¥–∏–Ω–∏
                                                  —Ü—ã –Ω–∞–ø—Ä–∞–≤–ª–µ–Ω—ã ...
(That makes 100 errors; please try again.) 
Here is how much of TeX's memory you used:
 46 strings out of 474049
 842 string characters out of 5746278
 1925754 words of memory out of 5000000
 22571 multiletter control sequences out of 15000+600000
 558377 words of font info for 37 fonts, out of 8000000 for 9000
 1141 hyphenation exceptions out of 8191
 19i,2n,23p,1477b,94s stack positions out of 10000i,1000n,20000p,200000b,200000s

!  ==> Fatal error occurred, no output PDF file produced!
