This is pdfTeX, Version 3.141592653-2.6-1.40.26 (TeX Live 2024) (preloaded format=pdflatex 2024.5.4)  9 MAY 2024 19:57
entering extended mode
 restricted \write18 enabled.
 %&-line parsing enabled.
**"–û–±–∑–æ—Ä –ª–∏—Ç–µ—Ä–∞—Ç—É—Ä—ã.tex"
(./–û–±–∑–æ—Ä –ª–∏—Ç–µ—Ä–∞—Ç—É—Ä—ã.tex
LaTeX2e <2023-11-01> patch level 1
L3 programming layer <2024-04-11>
! Undefined control sequence.
l.1 \section
            {–û–±–∑–æ—Ä –ª–∏—Ç–µ—Ä–∞—Ç—É—Ä—ã}
The control sequence at the end of the top line
of your error message was never \def'ed. If you have
misspelled it (e.g., `\hobx'), type `I' and the correct
spelling (e.g., `I\hbox'). Otherwise just continue,
and I'll forget about whatever was undefined.


! LaTeX Error: Unicode character –û (U+041E)
               not set up for use with LaTeX.

See the LaTeX manual or LaTeX Companion for explanation.
Type  H <return>  for immediate help.
 ...                                              
                                                  
l.1 \section{–û
               –±–∑–æ—Ä –ª–∏—Ç–µ—Ä–∞—Ç—É—Ä—ã}
You may provide a definition with
\DeclareUnicodeCharacter 


! LaTeX Error: Unicode character –± (U+0431)
               not set up for use with LaTeX.

See the LaTeX manual or LaTeX Companion for explanation.
Type  H <return>  for immediate help.
 ...                                              
                                                  
l.1 \section{–û–±
                 –∑–æ—Ä –ª–∏—Ç–µ—Ä–∞—Ç—É—Ä—ã}
You may provide a definition with
\DeclareUnicodeCharacter 


! LaTeX Error: Unicode character –∑ (U+0437)
               not set up for use with LaTeX.

See the LaTeX manual or LaTeX Companion for explanation.
Type  H <return>  for immediate help.
 ...                                              
                                                  
l.1 \section{–û–±–∑
                   –æ—Ä –ª–∏—Ç–µ—Ä–∞—Ç—É—Ä—ã}
You may provide a definition with
\DeclareUnicodeCharacter 


! LaTeX Error: Unicode character –æ (U+043E)
               not set up for use with LaTeX.

See the LaTeX manual or LaTeX Companion for explanation.
Type  H <return>  for immediate help.
 ...                                              
                                                  
l.1 \section{–û–±–∑–æ
                     —Ä –ª–∏—Ç–µ—Ä–∞—Ç—É—Ä—ã}
You may provide a definition with
\DeclareUnicodeCharacter 


! LaTeX Error: Unicode character —Ä (U+0440)
               not set up for use with LaTeX.

See the LaTeX manual or LaTeX Companion for explanation.
Type  H <return>  for immediate help.
 ...                                              
                                                  
l.1 \section{–û–±–∑–æ—Ä
                        –ª–∏—Ç–µ—Ä–∞—Ç—É—Ä—ã}
You may provide a definition with
\DeclareUnicodeCharacter 


! LaTeX Error: Unicode character –ª (U+043B)
               not set up for use with LaTeX.

See the LaTeX manual or LaTeX Companion for explanation.
Type  H <return>  for immediate help.
 ...                                              
                                                  
l.1 \section{–û–±–∑–æ—Ä –ª
                          –∏—Ç–µ—Ä–∞—Ç—É—Ä—ã}
You may provide a definition with
\DeclareUnicodeCharacter 


! LaTeX Error: Unicode character –∏ (U+0438)
               not set up for use with LaTeX.

See the LaTeX manual or LaTeX Companion for explanation.
Type  H <return>  for immediate help.
 ...                                              
                                                  
l.1 \section{–û–±–∑–æ—Ä –ª–∏
                            —Ç–µ—Ä–∞—Ç—É—Ä—ã}
You may provide a definition with
\DeclareUnicodeCharacter 


! LaTeX Error: Unicode character —Ç (U+0442)
               not set up for use with LaTeX.

See the LaTeX manual or LaTeX Companion for explanation.
Type  H <return>  for immediate help.
 ...                                              
                                                  
l.1 \section{–û–±–∑–æ—Ä –ª–∏—Ç
                              –µ—Ä–∞—Ç—É—Ä—ã}
You may provide a definition with
\DeclareUnicodeCharacter 


! LaTeX Error: Unicode character –µ (U+0435)
               not set up for use with LaTeX.

See the LaTeX manual or LaTeX Companion for explanation.
Type  H <return>  for immediate help.
 ...                                              
                                                  
l.1 \section{–û–±–∑–æ—Ä –ª–∏—Ç–µ
                                —Ä–∞—Ç—É—Ä—ã}
You may provide a definition with
\DeclareUnicodeCharacter 


! LaTeX Error: Unicode character —Ä (U+0440)
               not set up for use with LaTeX.

See the LaTeX manual or LaTeX Companion for explanation.
Type  H <return>  for immediate help.
 ...                                              
                                                  
l.1 \section{–û–±–∑–æ—Ä –ª–∏—Ç–µ—Ä
                                  –∞—Ç—É—Ä—ã}
You may provide a definition with
\DeclareUnicodeCharacter 


! LaTeX Error: Unicode character –∞ (U+0430)
               not set up for use with LaTeX.

See the LaTeX manual or LaTeX Companion for explanation.
Type  H <return>  for immediate help.
 ...                                              
                                                  
l.1 \section{–û–±–∑–æ—Ä –ª–∏—Ç–µ—Ä–∞
                                    —Ç—É—Ä—ã}
You may provide a definition with
\DeclareUnicodeCharacter 


! LaTeX Error: Unicode character —Ç (U+0442)
               not set up for use with LaTeX.

See the LaTeX manual or LaTeX Companion for explanation.
Type  H <return>  for immediate help.
 ...                                              
                                                  
l.1 \section{–û–±–∑–æ—Ä –ª–∏—Ç–µ—Ä–∞—Ç
                                      —É—Ä—ã}
You may provide a definition with
\DeclareUnicodeCharacter 


! LaTeX Error: Unicode character —É (U+0443)
               not set up for use with LaTeX.

See the LaTeX manual or LaTeX Companion for explanation.
Type  H <return>  for immediate help.
 ...                                              
                                                  
l.1 \section{–û–±–∑–æ—Ä –ª–∏—Ç–µ—Ä–∞—Ç—É
                                        —Ä—ã}
You may provide a definition with
\DeclareUnicodeCharacter 


! LaTeX Error: Unicode character —Ä (U+0440)
               not set up for use with LaTeX.

See the LaTeX manual or LaTeX Companion for explanation.
Type  H <return>  for immediate help.
 ...                                              
                                                  
l.1 \section{–û–±–∑–æ—Ä –ª–∏—Ç–µ—Ä–∞—Ç—É—Ä
                                          —ã}
You may provide a definition with
\DeclareUnicodeCharacter 


! LaTeX Error: Unicode character —ã (U+044B)
               not set up for use with LaTeX.

See the LaTeX manual or LaTeX Companion for explanation.
Type  H <return>  for immediate help.
 ...                                              
                                                  
l.1 \section{–û–±–∑–æ—Ä –ª–∏—Ç–µ—Ä–∞—Ç—É—Ä—ã
                                            }
You may provide a definition with
\DeclareUnicodeCharacter 


! LaTeX Error: File `parts/–û–±–∑–æ—Ä –ª–∏—Ç–µ—Ä–∞—Ç—É—Ä—ã/–ù–µ–π—Ä–æ–Ω–Ω—ã–µ —
Å–µ—Ç–∏.tex' not found.

Type X to quit or <RETURN> to proceed,
or enter new name. (Default extension: tex)

Enter file name: 
! Emergency stop.
<read *> 
         
l.2 ...–µ—Ä–∞—Ç—É—Ä—ã/–ù–µ–π—Ä–æ–Ω–Ω—ã–µ —Å–µ—Ç–∏}
                                                  ^^M
*** (cannot \read from terminal in nonstop modes)

 
Here is how much of TeX's memory you used:
 28 strings out of 474049
 644 string characters out of 5746278
 1925754 words of memory out of 5000000
 22555 multiletter control sequences out of 15000+600000
 558069 words of font info for 36 fonts, out of 8000000 for 9000
 1141 hyphenation exceptions out of 8191
 18i,0n,26p,192b,28s stack positions out of 10000i,1000n,20000p,200000b,200000s
!  ==> Fatal error occurred, no output PDF file produced!
